# Elapsed time   CPU (%)     Real (MB)   Virtual (MB)
       0.000        0.000        8.332       12.883
       0.101      606.100       27.926      363.719
       0.201      337.800       46.172      448.711
       0.302       89.700       58.426      480.121
       0.402       89.700       84.602      516.734
       0.502       89.700      117.812      588.207
       0.603      109.600      123.371      595.926
       0.703       99.600      131.844      627.988
       0.804       99.600      139.703      903.316
       0.904       89.700      140.148      904.000
       1.004      109.600      140.703      904.250
       1.105       99.500      140.957      904.500
       1.205       99.600      141.207      904.750
       1.306       79.700      141.684     4937.281
       1.406       89.700      142.684     6186.234
       1.506       99.500      143.691     7075.547
       1.607       69.600      144.828     7900.707
       1.708        0.000      144.828     7900.707
       1.808        0.000      144.828     7900.707
       1.909        0.000      144.828     7900.707
       2.010        0.000      144.828     7900.707
       2.111        0.000      144.828     7900.707
       2.212        0.000      144.828     7900.707
       2.313       69.400      146.418     7980.996
       2.413      109.200      149.582     7981.035
       2.514       79.500      152.219     7981.035
       2.615      109.400      154.176     7981.285
       2.715       99.600      154.176     7981.285
       2.816        9.900      154.176     7981.285
       2.916        0.000      154.176     7981.285
       3.017        0.000      154.176     7981.285
       3.118        0.000      154.176     7981.285
       3.219        0.000      154.176     7981.285
       3.320       59.500      154.277     7981.285
       3.420       49.700      154.418     7981.316
       3.521       89.400      154.555     7981.316
       3.622       59.600      154.621     7981.316
       3.722        0.000      154.621     7981.316
       3.823       89.500      154.754     7981.316
       3.923       99.600      154.754     7981.316
       4.024      109.500      154.754     7981.566
       4.124       99.600      158.293     7986.324
       4.225       39.800      163.375     7987.160
       4.325       59.700      163.902     7987.410
       4.426       49.600      163.715     7987.414
       4.527       69.400      164.051     7987.414
       4.628       49.500      164.199     7987.414
       4.729        0.000      164.199     7987.414
       4.829        0.000      164.199     7987.414
       4.931        0.000      164.199     7987.414
       5.031        0.000      164.199     7987.414
       5.132        0.000      164.199     7987.414
       5.233       59.600      164.199     7987.414
       5.333      109.500      164.562     7987.414
       5.434      129.400      165.086     7987.414
       5.534       69.600      165.105     7987.414
       5.635       49.600      165.109     7987.414
       5.736        0.000      165.109     7987.414
       5.836        0.000      165.109     7987.414
       5.937        0.000      165.109     7987.414
       6.037        0.000      165.109     7987.414
       6.138        0.000      165.109     7987.414
       6.239        0.000      165.109     7987.414
       6.340       39.700      165.113     7987.414
       6.440       59.600      164.633     7987.414
       6.541      109.300      164.637     7987.414
       6.642       99.600      164.648     7987.414
       6.742       79.600      164.648     7987.414
       6.843        0.000      164.648     7987.414
       6.944        0.000      164.648     7987.414
       7.044        0.000      164.648     7987.414
       7.145        0.000      164.648     7987.414
       7.246        0.000      164.648     7987.414
       7.347       59.400      164.680     7987.414
       7.448       79.500      164.691     7987.414
       7.548       59.600      164.699     7987.414
       7.649       49.500      164.719     7987.414
       7.750       59.600      164.719     7987.414
       7.851       99.600      164.719     7987.414
       7.951       29.800      164.719     7987.414
       8.052        0.000      164.719     7987.414
       8.153        0.000      164.719     7987.414
       8.254        9.900      164.719     7987.414
       8.355       59.500      164.727     7987.414
       8.456       69.400      164.730     7987.414
       8.557       69.400      164.754     7987.414
       8.657       49.600      164.766     7987.414
       8.758        0.000      164.766     7987.414
       8.859        0.000      164.766     7987.414
       8.960       69.500      164.766     7987.414
       9.060       69.700      164.766     7987.414
       9.161        0.000      164.766     7987.414
       9.261        0.000      164.766     7987.414
       9.362       39.700      164.777     7987.414
       9.463       69.600      164.789     7987.414
       9.563       69.600      164.809     7987.414
       9.664       49.600      164.824     7987.414
       9.765        0.000      164.824     7987.414
       9.865        0.000      164.824     7987.414
       9.966        0.000      164.824     7987.414
      10.067       39.800      164.824     7987.414
      10.167       99.500      164.824     7987.414
      10.268       19.900      164.824     7987.414
      10.369       39.800      164.844     7987.414
      10.469       59.700      164.871     7987.414
      10.570       79.500      164.883     7987.414
      10.670       39.700      164.887     7987.414
      10.771        0.000      164.887     7987.414
      10.872        0.000      164.887     7987.414
      10.973        0.000      164.887     7987.414
      11.074        0.000      164.887     7987.414
      11.174        0.000      164.887     7987.414
      11.275       89.400      164.887     7987.414
      11.376      109.500      165.148     7987.414
      11.476       49.600      165.156     7987.414
      11.577       99.200      165.176     7987.414
      11.678       29.700      165.176     7987.414
      11.779        0.000      165.176     7987.414
      11.880        0.000      165.176     7987.414
      11.981        0.000      165.176     7987.414
      12.082        0.000      165.176     7987.414
      12.183        0.000      165.176     7987.414
      12.285        0.000      165.176     7987.414
      12.386       69.300      165.184     7987.414
      12.486      109.400      165.188     7987.414
      12.587      119.400      165.203     7987.414
      12.687       69.700      165.215     7987.414
      12.788        0.000      165.215     7987.414
      12.888        0.000      165.215     7987.414
      12.990        0.000      165.215     7987.414
      13.091        0.000      165.215     7987.414
      13.192        0.000      165.215     7987.414
      13.293        0.000      165.219     7987.414
      13.394       59.500      165.219     7987.414
      13.494       49.700      165.230     7987.414
      13.595       79.500      165.242     7987.414
      13.696       99.500      165.242     7987.414
      13.796      109.600      165.242     7987.414
      13.896       39.800      165.242     7987.414
      13.997        0.000      165.242     7987.414
      14.097        0.000      165.242     7987.414
      14.198        0.000      165.242     7987.414
      14.299        0.000      165.242     7987.414
      14.400       49.600      165.242     7987.414
      14.501       69.400      165.246     7987.414
      14.602       99.200      165.250     7987.414
      14.702        9.900      165.250     7987.414
      14.803        9.900      165.250     7987.414
      14.904       59.700      165.250     7987.414
      15.004       99.600      165.250     7987.414
      15.105        0.000      165.250     7987.414
      15.206        0.000      165.250     7987.414
      15.307        9.900      165.250     7987.414
      15.407       49.600      165.266     7987.414
      15.508       59.500      165.273     7987.414
      15.609      109.300      165.273     7987.414
      15.710        0.000      165.273     7987.414
      15.811       19.800      165.273     7987.414
      15.912        0.000      165.273     7987.414
      16.013        9.900      165.273     7987.414
      16.113       99.600      165.273     7987.414
      16.213       39.800      165.273     7987.414
      16.314        9.900      165.273     7987.414
      16.415       49.700      165.273     7987.414
      16.515       39.800      165.273     7987.414
      16.616       89.400      165.273     7987.414
      16.716        9.900      165.273     7987.414
      16.818        9.900      165.273     7987.414
      16.918        0.000      165.273     7987.414
      17.020        0.000      165.273     7987.414
      17.121        0.000      165.273     7987.414
      17.222       69.500      165.273     7987.414
      17.322       99.500      165.273     7987.414
      17.423       49.700      165.273     7987.414
      17.523       59.600      165.273     7987.414
      17.624       89.400      165.273     7987.414
      17.724        0.000      165.273     7987.414
      17.825        0.000      165.273     7987.414
      17.926        0.000      165.273     7987.414
      18.028        0.000      165.273     7987.414
      18.129        0.000      165.273     7987.414
      18.229        0.000      165.273     7987.414
      18.330       29.800      165.273     7987.414
      18.430      119.500      165.273     7987.414
      18.531       99.500      165.273     7987.414
      18.631       89.400      165.277     7987.414
      18.732        0.000      165.277     7987.414
      18.833        9.900      165.277     7987.414
      18.933        0.000      165.277     7987.414
      19.034        0.000      165.277     7987.414
      19.135        0.000      165.277     7987.414
      19.236        0.000      165.277     7987.414
      19.337        0.000      165.277     7987.414
      19.438       79.500      165.285     7987.414
      19.539       69.700      165.289     7987.414
      19.639      109.500      165.289     7987.414
      19.740      109.300      165.289     7987.414
      19.840       19.800      165.289     7987.414
      19.941        0.000      165.289     7987.414
      20.042        0.000      165.289     7987.414
      20.143        0.000      165.289     7987.414
      20.245        0.000      165.289     7987.414
      20.345        9.900      165.289     7987.414
      20.446       79.500      165.297     7987.414
      20.547       29.800      165.301     7987.414
      20.648       89.300      165.305     7987.414
      20.748       19.900      165.305     7987.414
      20.849      109.400      165.305     7987.414
      20.949       79.600      165.305     7987.414
      21.050        0.000      165.305     7987.414
      21.150        0.000      165.305     7987.414
      21.251        0.000      165.305     7987.414
      21.352       19.800      165.305     7987.414
      21.453       79.500      165.316     7987.414
      21.553       29.800      165.316     7987.414
      21.654       99.300      165.320     7987.414
      21.755        0.000      165.320     7987.414
      21.856        0.000      165.320     7987.414
      21.957       29.800      165.320     7987.414
      22.057       99.500      165.320     7987.414
      22.158       39.700      165.320     7987.414
      22.258        0.000      165.320     7987.414
      22.359       19.900      165.320     7987.414
      22.460       89.200      165.320     7987.414
      22.561       39.700      165.320     7987.414
      22.662       89.300      165.324     7987.414
      22.762        0.000      165.324     7987.414
      22.863        0.000      165.324     7987.414
      22.964        0.000      165.324     7987.414
      23.064        0.000      165.324     7987.414
      23.165       69.700      165.324     7987.414
      23.265       89.600      165.324     7987.414
      23.366       29.800      165.324     7987.414
      23.466       59.600      165.324     7987.414
      23.567       39.700      165.324     7987.414
      23.668       79.400      165.328     7987.414
      23.768        0.000      165.328     7987.414
      23.869        0.000      165.328     7987.414
      23.970       19.800      165.328     7987.414
      24.071        0.000      165.328     7987.414
      24.172        0.000      165.328     7987.414
      24.272       19.900      165.328     7987.414
      24.373      109.500      165.328     7987.414
      24.473      109.500      165.336     7987.414
      24.574       29.800      165.344     7987.414
      24.675       69.500      165.348     7987.414
      24.776        0.000      165.348     7987.414
      24.876        0.000      165.348     7987.414
      24.978        9.900      165.348     7987.414
      25.078        0.000      165.348     7987.414
      25.179        0.000      165.348     7987.414
      25.280        0.000      165.348     7987.414
      25.381       29.700      165.352     7987.414
      25.482       89.400      165.355     7987.414
      25.582      109.400      165.355     7987.414
      25.683      139.200      165.875     7987.414
      25.783        0.000      165.875     7987.414
      25.884        0.000      165.875     7987.414
      25.985        0.000      165.875     7987.414
      26.086        0.000      165.875     7987.414
      26.186        0.000      165.875     7987.414
      26.287        0.000      165.875     7987.414
      26.388       29.800      165.875     7987.414
      26.489       59.500      165.453     7987.414
      26.590       49.600      165.453     7987.414
      26.690       79.500      165.453     7987.414
      26.791       99.600      165.453     7987.414
      26.891       69.600      165.711     7987.414
      26.992        0.000      165.711     7987.414
      27.093        9.900      165.711     7987.414
      27.193        0.000      165.711     7987.414
      27.294        0.000      165.711     7987.414
      27.395       29.700      165.711     7987.414
      27.496       59.600      165.316     7987.414
      27.596       59.700      165.316     7987.414
      27.697       69.500      165.320     7987.414
      27.798        0.000      165.320     7987.414
      27.898       39.800      165.320     7987.414
      27.999       99.600      165.836     7987.414
      28.099        0.000      165.836     7987.414
      28.200        0.000      165.836     7987.414
      28.301        0.000      165.836     7987.414
      28.401       39.700      165.836     7987.414
      28.502       59.600      165.352     7987.414
      28.603       69.500      165.359     7987.414
      28.703       69.400      165.363     7987.414
      28.804        0.000      165.363     7987.414
      28.905        0.000      165.363     7987.414
      29.006        9.900      165.363     7987.414
      29.106       99.600      165.879     7987.414
      29.207       10.000      165.777     7987.414
      29.307        0.000      165.777     7987.414
      29.408       39.600      165.777     7987.414
      29.509       49.600      165.477     7987.414
      29.609       59.700      165.477     7987.414
      29.710       29.800      165.480     7987.414
      29.811        9.900      165.480     7987.414
      29.911        0.000      165.480     7987.414
      30.012        0.000      165.480     7987.414
      30.113        0.000      165.480     7987.414
      30.213       99.500      165.480     7987.414
      30.313       19.900      165.738     7987.414
      30.414       29.800      165.738     7987.414
      30.515       69.500      165.348     7987.414
      30.615       69.600      165.359     7987.414
      30.716       49.600      165.359     7987.414
      30.817        0.000      165.359     7987.414
      30.918        9.900      165.359     7987.414
      31.019        9.900      165.359     7987.414
      31.119        0.000      165.359     7987.414
      31.220        0.000      165.359     7987.414
      31.321       89.500      165.359     7987.414
      31.421       59.700      165.875     7987.414
      31.522       49.700      165.391     7987.414
      31.622       69.700      165.398     7987.414
      31.723       29.800      165.398     7987.414
      31.824        0.000      165.398     7987.414
      31.925        0.000      165.398     7987.414
      32.026        9.900      165.398     7987.414
      32.126        0.000      165.398     7987.414
      32.227        0.000      165.398     7987.414
      32.328        0.000      165.398     7987.414
      32.428       79.500      165.559     7987.414
      32.529      119.500      165.887     7987.664
      32.629       79.600      165.898     7987.664
      32.730       19.900      165.898     7987.664
      32.830        0.000      165.898     7987.664
      32.931        0.000      165.898     7987.664
      33.032        9.900      165.898     7987.664
      33.133        0.000      165.898     7987.664
      33.233        0.000      165.898     7987.664
      33.334        0.000      165.898     7987.664
      33.436       29.700      165.906     7987.664
      33.536       59.700      165.406     7987.414
      33.637      109.400      165.410     7987.664
      33.737      129.300      165.926     7987.664
      33.838        9.900      165.926     7987.664
      33.938        0.000      165.926     7987.664
      34.039        9.900      165.926     7987.664
      34.140        0.000      165.926     7987.664
      34.240        0.000      165.926     7987.664
      34.341        0.000      165.926     7987.664
      34.442       19.900      165.934     7987.664
      34.542       79.400      165.551     7987.664
      34.643       69.500      165.559     7987.664
      34.744       49.600      165.559     7987.664
      34.845       89.500      165.559     7987.664
      34.945       69.600      166.074     7987.664
      35.046        0.000      166.074     7987.664
      35.147        0.000      166.074     7987.664
      35.247        0.000      166.074     7987.664
      35.347        0.000      166.074     7987.664
      35.448       19.900      166.074     7987.664
      35.548       39.800      165.680     7987.664
      35.649       49.800      165.680     7987.664
      35.749       10.000      165.680     7987.664
      35.850        0.000      165.680     7987.664
      35.950       39.800      165.680     7987.664
      36.051       99.500      165.938     7987.664
      36.151        0.000      165.938     7987.664
      36.252        0.000      165.938     7987.664
      36.353        0.000      165.938     7987.664
      36.453       29.800      165.938     7987.664
      36.554       59.700      165.453     7987.664
      36.654       39.800      165.457     7987.664
      36.755       10.000      165.457     7987.664
      36.855        0.000      165.457     7987.664
      36.956        0.000      165.457     7987.664
      37.056       19.900      165.457     7987.664
      37.157       99.400      165.457     7987.664
      37.257       19.900      165.973     7987.664
      37.358        0.000      165.973     7987.664
      37.458       19.900      165.973     7987.664
      37.559       19.900      165.469     7987.664
      37.659       89.500      165.473     7987.664
      37.760       29.800      165.473     7987.664
      37.861        0.000      165.473     7987.664
      37.961        0.000      165.473     7987.664
      38.062        0.000      165.473     7987.664
      38.162        0.000      165.473     7987.664
      38.263       89.500      165.473     7987.664
      38.363       19.900      165.988     7987.664
      38.464       39.800      165.988     7987.664
      38.565       39.600      165.484     7987.664
      38.666       99.100      165.488     7987.664
      38.766       19.900      165.488     7987.664
      38.867        0.000      165.488     7987.664
      38.968        0.000      165.488     7987.664
      39.068        9.900      165.488     7987.664
      39.169        0.000      165.488     7987.664
      39.270        0.000      165.488     7987.664
      39.371      109.400      165.488     7987.664
      39.471       89.600      165.488     7987.664
      39.572       49.700      165.492     7987.664
      39.672       69.700      165.496     7987.664
      39.773        0.000      165.496     7987.664
      39.873        0.000      165.496     7987.664
      39.974        0.000      165.496     7987.664
      40.074        0.000      165.496     7987.664
      40.175        0.000      165.496     7987.664
      40.275        0.000      165.496     7987.664
      40.376        0.000      165.496     7987.664
      40.476       49.700      165.496     7987.664
      40.577       99.500      165.496     7987.664
      40.677      119.200      166.016     7987.664
      40.778        9.900      166.016     7987.664
      40.879        0.000      166.016     7987.664
      40.980        0.000      166.016     7987.664
      41.080        0.000      166.016     7987.664
      41.181        0.000      166.016     7987.664
      41.281        0.000      166.016     7987.664
      41.382        0.000      166.016     7987.664
      41.482       39.800      166.016     7987.664
      41.583       59.600      165.625     7987.664
      41.684      109.300      165.629     7987.664
      41.784       99.400      165.629     7987.664
      41.885       79.500      165.742     7987.664
      41.986        0.000      165.742     7987.664
      42.087        9.900      165.742     7987.664
      42.187        0.000      165.742     7987.664
      42.288        0.000      165.742     7987.664
      42.388        0.000      165.742     7987.664
      42.489       49.700      165.746     7987.664
      42.590       59.400      165.746     7987.664
      42.691       99.300      165.746     7987.664
      42.791        0.000      165.746     7987.664
      42.892       39.700      165.746     7987.664
      42.993       89.600      166.000     7987.664
      43.093       10.000      166.000     7987.664
      43.194        0.000      166.000     7987.664
      43.294        0.000      166.000     7987.664
      43.395        9.900      166.000     7987.664
      43.496       49.700      165.613     7987.664
      43.596       39.800      165.613     7987.664
      43.696       59.700      165.613     7987.664
      43.797        0.000      165.613     7987.664
      43.898        0.000      165.613     7987.664
      43.998        9.900      165.613     7987.664
      44.099      109.500      165.871     7987.664
      44.199        9.900      166.129     7987.664
      44.300        0.000      166.129     7987.664
      44.400        0.000      166.129     7987.664
      44.501       59.700      165.645     7987.664
      44.601       29.800      165.645     7987.664
      44.702       99.400      165.648     7987.664
      44.803        0.000      165.648     7987.664
      44.903        9.900      165.648     7987.664
      45.004        0.000      165.648     7987.664
      45.105        0.000      165.648     7987.664
      45.205       99.500      165.648     7987.664
      45.306       19.900      166.164     7987.664
      45.406        9.900      166.164     7987.664
      45.507       59.700      165.660     7987.664
      45.607       29.800      165.660     7987.664
      45.708       89.300      165.664     7987.664
      45.809        0.000      165.664     7987.664
      45.910        9.900      165.664     7987.664
      46.010        0.000      165.664     7987.664
      46.111        9.900      165.664     7987.664
      46.211        0.000      165.664     7987.664
      46.312       89.600      165.664     7987.664
      46.412       59.700      166.180     7987.664
      46.513       29.900      165.766     7987.664
      46.613       19.900      165.766     7987.664
      46.713       39.800      165.770     7987.664
      46.814        0.000      165.770     7987.664
      46.915       19.800      165.770     7987.664
      47.016        0.000      165.770     7987.664
      47.116        0.000      165.770     7987.664
      47.217        0.000      165.770     7987.664
      47.318        0.000      165.770     7987.664
      47.419       59.500      165.770     7987.664
      47.520      119.300      165.746     7987.664
      47.620       79.600      166.008     7987.664
      47.721       79.400      166.016     7987.664
      47.822        0.000      166.016     7987.664
      47.922        9.900      166.016     7987.664
      48.023        0.000      166.016     7987.664
      48.124        9.900      166.016     7987.664
      48.224        0.000      166.016     7987.664
      48.325        0.000      166.016     7987.664
      48.425        0.000      166.016     7987.664
      48.526       79.500      165.602     7987.664
      48.627       89.500      165.602     7987.664
      48.727      109.600      165.617     7987.664
      48.828       59.700      166.137     7987.664
      48.928        9.900      166.137     7987.664
      49.029        0.000      166.137     7987.664
      49.130        9.900      166.137     7987.664
      49.231        0.000      166.137     7987.664
      49.332        0.000      166.137     7987.664
      49.433        0.000      166.137     7987.664
      49.533       79.600      165.719     7987.664
      49.634       19.900      165.719     7987.664
      49.735       99.200      165.727     7987.664
      49.835       69.500      165.727     7987.664
      49.936      109.500      166.242     7987.664
      50.036        0.000      166.242     7987.664
      50.138        0.000      166.242     7987.664
      50.239        0.000      166.242     7987.664
      50.340        0.000      166.242     7987.664
      50.441        0.000      166.242     7987.664
      50.541       89.500      165.738     7987.664
      50.642       29.800      165.742     7987.664
      50.743       79.400      165.746     7987.664
      50.843        0.000      165.746     7987.664
      50.944       19.900      165.746     7987.664
      51.045       99.400      166.004     7987.664
      51.145       19.900      166.004     7987.664
      51.246        0.000      166.004     7987.664
      51.347        0.000      166.004     7987.664
      51.448        0.000      166.004     7987.664
      51.549       69.500      165.613     7987.664
      51.650       39.700      165.613     7987.664
      51.750       69.500      165.875     7987.664
      51.851        0.000      165.875     7987.664
      51.952        9.900      165.879     7987.664
      52.052        0.000      165.879     7987.664
      52.153      119.000      165.879     7987.664
      52.254       29.800      166.395     7987.664
      52.355        0.000      166.395     7987.664
      52.455        0.000      166.395     7987.664
      52.556       99.300      166.004     7987.664
      52.656       39.800      166.008     7987.664
      52.757       89.300      166.016     7987.664
      52.858        0.000      166.016     7987.664
      52.959        9.900      166.016     7987.664
      53.060        0.000      166.016     7987.664
      53.161        9.900      166.016     7987.664
      53.262       89.300      166.016     7987.664
      53.362       39.800      166.273     7987.664
      53.463        9.900      166.281     7987.664
      53.564       69.500      165.902     7987.664
      53.664       49.600      165.902     7987.664
      53.765       69.300      165.918     7987.664
      53.866        0.000      165.918     7987.664
      53.967       19.800      165.922     7987.664
      54.068        0.000      165.922     7987.664
      54.169       19.800      165.922     7987.664
      54.271        0.000      165.922     7987.664
      54.372       69.600      165.922     7987.664
      54.472       49.700      166.438     7987.664
      54.573       79.400      165.953     7987.664
      54.673       59.600      165.953     7987.664
      54.774       59.400      165.953     7987.664
      54.875        0.000      165.953     7987.664
      54.976        9.900      165.953     7987.664
      55.077        0.000      165.953     7987.664
      55.178       19.800      165.957     7987.664
      55.279        0.000      165.957     7987.664
      55.379        0.000      165.957     7987.664
      55.480       69.600      165.957     7987.664
      55.581      119.500      165.938     7987.664
      55.681       69.600      166.453     7987.664
      55.782       59.600      166.457     7987.664
      55.883        0.000      166.457     7987.664
      55.983        9.900      166.457     7987.664
      56.084        0.000      166.457     7987.664
      56.186       19.800      166.457     7987.664
      56.287        0.000      166.457     7987.664
      56.387        0.000      166.457     7987.664
      56.488        9.900      166.457     7987.664
      56.589       79.500      165.973     7987.664
      56.690       89.600      165.973     7987.664
      56.790      119.500      165.977     7987.664
      56.891       59.700      165.977     7987.664
      56.991        9.900      165.977     7987.664
      57.092        0.000      165.977     7987.664
      57.193        9.900      165.977     7987.664
      57.294        0.000      165.977     7987.664
      57.395        0.000      165.977     7987.664
      57.496       19.800      165.977     7987.664
      57.597       89.300      165.980     7987.664
      57.697       39.800      165.984     7987.664
      57.798       79.400      165.984     7987.664
      57.899       49.700      165.984     7987.664
      57.999      109.500      165.984     7987.664
      58.100       29.800      166.500     7987.664
      58.200       19.800      166.500     7987.664
      58.301        0.000      166.500     7987.664
      58.402        0.000      166.500     7987.664
      58.504        9.900      166.500     7987.664
      58.604       69.400      166.016     7987.664
      58.705       59.600      166.020     7987.664
      58.806       69.400      166.023     7987.664
      58.907        0.000      166.023     7987.664
      59.008        9.900      166.023     7987.664
      59.109       89.400      166.023     7987.664
      59.209       39.800      166.480     7987.664
      59.310        0.000      166.480     7987.664
      59.411        0.000      166.480     7987.664
      59.512       19.900      166.480     7987.664
      59.612       79.400      166.188     7987.664
      59.713       69.500      166.195     7987.664
      59.814       59.600      166.203     7987.664
      59.914        0.000      166.203     7987.664
      60.015        9.900      166.203     7987.664
      60.116        0.000      166.203     7987.664
      60.217       79.300      166.203     7987.664
      60.318       59.700      166.461     7987.664
      60.418        0.000      166.461     7987.664
      60.519        9.900      166.461     7987.664
      60.619       79.400      166.066     7987.664
      60.720       59.700      166.078     7987.664
      60.821       39.700      166.082     7987.664
      60.922        0.000      166.082     7987.664
      61.023        9.900      166.082     7987.664
      61.124        0.000      166.082     7987.664
      61.225        0.000      166.082     7987.664
      61.326       69.500      166.086     7987.664
      61.426       59.700      166.258     7987.664
      61.527       19.900      166.258     7987.664
      61.628       69.600      166.258     7987.664
      61.728       69.600      166.258     7987.664
      61.829       49.600      166.258     7987.664
      61.929        0.000      166.258     7987.664
      62.030        9.900      166.258     7987.664
      62.131        0.000      166.258     7987.664
      62.231        0.000      166.258     7987.664
      62.332        9.900      166.262     7987.664
      62.433       49.800      166.262     7987.664
      62.533       79.600      166.121     7987.664
      62.634       59.500      166.121     7987.664
      62.735       69.500      166.125     7987.664
      62.836       29.800      166.125     7987.664
      62.936        0.000      166.125     7987.664
      63.038        9.900      166.125     7987.664
      63.139        0.000      166.125     7987.664
      63.240        0.000      166.125     7987.664
      63.341       19.800      166.125     7987.664
      63.442        0.000      166.125     7987.664
      63.543       59.600      166.125     7987.664
      63.643      119.500      166.141     7987.664
      63.744      109.400      166.664     7987.664
      63.844        9.900      166.664     7987.664
      63.945        9.900      166.664     7987.664
      64.046        9.900      166.664     7987.664
      64.147        0.000      166.664     7987.664
      64.248        0.000      166.664     7987.664
      64.348        9.900      166.664     7987.664
      64.449        0.000      166.664     7987.664
      64.551        9.900      166.664     7987.664
      64.651       89.300      166.199     7987.664
      64.752       89.500      166.199     7987.664
      64.853      109.500      166.203     7987.664
      64.953       49.700      166.613     7987.664
      65.054        9.900      166.613     7987.664
      65.155        0.000      166.613     7987.664
      65.256        0.000      166.613     7987.664
      65.357       19.800      166.617     7987.664
      65.458        0.000      166.617     7987.664
      65.559        9.900      166.617     7987.664
      65.660       79.500      166.324     7987.664
      65.760       59.700      166.332     7987.664
      65.861       39.800      166.332     7987.664
      65.961       69.700      166.332     7987.664
      66.062       89.500      166.848     7987.664
      66.162        0.000      166.848     7987.664
      66.263        9.900      166.848     7987.664
      66.364        9.900      166.848     7987.664
      66.465        0.000      166.848     7987.664
      66.566       29.800      166.363     7987.664
      66.666       59.600      166.363     7987.664
      66.767       79.400      166.363     7987.664
      66.868       39.700      166.363     7987.664
      66.969        0.000      166.363     7987.664
      67.069       29.800      166.363     7987.664
      67.170       99.600      166.621     7987.664
      67.270       19.900      166.621     7987.664
      67.371        0.000      166.621     7987.664
      67.472        0.000      166.621     7987.664
      67.573       39.800      166.137     7987.664
      67.673       49.700      166.137     7987.664
      67.774       89.400      166.141     7987.664
      67.875       39.600      166.141     7987.664
      67.975        0.000      166.141     7987.664
      68.076        9.900      166.141     7987.664
      68.177        0.000      166.141     7987.664
      68.278       99.400      166.141     7987.664
      68.378        9.900      166.656     7987.664
      68.479        0.000      166.656     7987.664
      68.580       39.800      166.242     7987.664
      68.680       29.800      166.242     7987.664
      68.781       79.500      166.242     7987.664
      68.882       29.800      166.250     7987.664
      68.982        0.000      166.250     7987.664
      69.083        9.900      166.250     7987.664
      69.184        0.000      166.250     7987.664
      69.285       19.800      166.250     7987.664
      69.386       89.500      166.250     7987.664
      69.486       19.900      166.766     7987.664
      69.587       39.700      166.371     7987.664
      69.688       39.700      166.371     7987.664
      69.789       89.300      166.375     7987.664
      69.889       29.800      166.375     7987.664
      69.990        0.000      166.375     7987.664
      70.091        0.000      166.375     7987.664
      70.191        0.000      166.375     7987.664
      70.292        9.900      166.375     7987.664
      70.393        0.000      166.375     7987.664
      70.494       99.100      166.375     7987.664
      70.595       79.500      166.238     7987.664
      70.695       19.800      166.238     7987.664
      70.796       99.300      166.238     7987.664
      70.897        9.900      166.238     7987.664
      70.997        0.000      166.238     7987.664
      71.099        9.900      166.238     7987.664
      71.199        0.000      166.238     7987.664
      71.300        9.900      166.238     7987.664
      71.401        0.000      166.238     7987.664
      71.501        0.000      166.238     7987.664
      71.602       89.600      166.246     7987.664
      71.702       99.500      166.766     7987.664
      71.803      109.500      166.766     7987.664
      71.903        9.900      166.766     7987.664
      72.004        0.000      166.766     7987.664
      72.105        0.000      166.766     7987.664
      72.206        0.000      166.766     7987.664
      72.306       19.800      166.766     7987.664
      72.407        0.000      166.766     7987.664
      72.508        9.900      166.766     7987.664
      72.609       19.900      166.281     7987.664
      72.709       59.600      166.281     7987.664
      72.810      119.400      166.293     7987.664
      72.910      109.400      166.684     7987.664
      73.011        0.000      166.684     7987.664
      73.112        0.000      166.684     7987.664
      73.212        9.900      166.684     7987.664
      73.313        0.000      166.684     7987.664
      73.414        0.000      166.684     7987.664
      73.514        0.000      166.688     7987.664
      73.615       39.700      166.691     7987.664
      73.716       39.700      166.391     7987.664
      73.816       49.700      166.402     7987.664
      73.917       29.800      166.406     7987.664
      74.018       99.300      166.406     7987.664
      74.118       69.500      166.664     7987.664
      74.219        0.000      166.664     7987.664
      74.320        9.900      166.664     7987.664
      74.420        0.000      166.664     7987.664
      74.521       19.900      166.664     7987.664
      74.621       29.800      166.266     7987.664
      74.722       39.800      166.266     7987.664
      74.822       39.800      166.266     7987.664
      74.923        9.900      166.266     7987.664
      75.023        0.000      166.266     7987.664
      75.124       49.700      166.266     7987.664
      75.225       99.400      166.266     7987.664
      75.325       39.800      166.266     7987.664
      75.426        0.000      166.266     7987.664
      75.526        0.000      166.266     7987.664
      75.627       49.700      166.270     7987.664
      75.728        9.900      166.270     7987.664
      75.828       69.600      166.277     7987.664
      75.929       29.800      166.277     7987.664
      76.029        0.000      166.277     7987.664
      76.130        0.000      166.277     7987.664
      76.231        0.000      166.277     7987.664
      76.331       79.500      166.277     7987.664
      76.432       49.700      166.793     7987.664
      76.533        0.000      166.793     7987.664
      76.633       39.700      166.402     7987.664
      76.734       19.900      166.402     7987.664
      76.835       59.600      166.414     7987.664
      76.936       19.800      166.414     7987.664
      77.036        0.000      166.414     7987.664
      77.137        9.900      166.414     7987.664
      77.237        0.000      166.414     7987.664
      77.338        0.000      166.414     7987.664
      77.438       49.800      166.414     7987.664
      77.538       59.700      166.672     7987.664
      77.639       39.800      166.262     7987.664
      77.739       19.900      166.262     7987.664
      77.840       49.700      166.266     7987.664
      77.941       29.800      166.266     7987.664
      78.041        0.000      166.266     7987.664
      78.142        0.000      166.266     7987.664
      78.242        0.000      166.266     7987.664
      78.343        9.900      166.266     7987.664
      78.444        0.000      166.266     7987.664
      78.545       59.700      166.266     7987.664
      78.645      109.300      166.254     7987.664
      78.746       59.600      166.773     7987.664
      78.847       79.400      166.773     7987.664
      78.947       29.800      166.777     7987.664
      79.048        0.000      166.777     7987.664
      79.149        0.000      166.777     7987.664
      79.250        0.000      166.777     7987.664
      79.351        9.900      166.777     7987.664
      79.451        0.000      166.777     7987.664
      79.552       19.900      166.777     7987.664
      79.652       49.700      166.301     7987.664
      79.753       69.600      166.301     7987.664
      79.854      109.300      166.305     7987.664
      79.954       89.400      166.820     7987.664
      80.055        0.000      166.820     7987.664
      80.155        9.900      166.820     7987.664
      80.256        0.000      166.820     7987.664
      80.357        0.000      166.820     7987.664
      80.457        0.000      166.820     7987.664
      80.558        9.900      166.820     7987.664
      80.658       49.700      166.410     7987.664
      80.759        0.000      166.410     7987.664
      80.859       59.600      166.414     7987.664
      80.960       39.800      166.414     7987.664
      81.061      109.500      166.414     7987.664
      81.161       39.800      166.930     7987.664
      81.261        0.000      166.930     7987.664
      81.362        0.000      166.930     7987.664
      81.463        0.000      166.930     7987.664
      81.563        9.900      166.930     7987.664
      81.664       49.800      166.445     7987.664
      81.764        9.900      166.445     7987.664
      81.865       59.600      166.445     7987.664
      81.965       29.800      166.445     7987.664
      82.066        0.000      166.445     7987.664
      82.167       69.700      166.445     7987.664
      82.267       49.700      166.961     7987.664
      82.368        0.000      166.961     7987.664
      82.468        0.000      166.961     7987.664
      82.569        0.000      166.961     7987.664
      82.670       59.600      166.457     7987.664
      82.770        9.900      166.457     7987.664
      82.871       69.600      166.457     7987.664
      82.971        9.900      166.457     7987.664
      83.072        0.000      166.457     7987.664
      83.173       19.800      166.457     7987.664
      83.274       69.500      166.457     7987.664
      83.374       49.700      166.715     7987.664
      83.475        0.000      166.715     7987.664
      83.576        9.900      166.715     7987.664
      83.677       69.600      166.328     7987.664
      83.777       29.800      166.328     7987.664
      83.878       89.400      166.328     7987.664
      83.979        9.900      166.328     7987.664
      84.080        9.900      166.328     7987.664
      84.181        9.900      166.328     7987.664
      84.282        0.000      166.328     7987.664
      84.382       59.700      166.328     7987.664
      84.483       59.600      166.844     7987.664
      84.583        9.900      166.844     7987.664
      84.684       89.400      166.434     7987.664
      84.785       29.800      166.434     7987.664
      84.885       89.400      166.434     7987.664
      84.986        9.900      166.434     7987.664
      85.087        9.900      166.434     7987.664
      85.188        0.000      166.434     7987.664
      85.289        0.000      166.434     7987.664
      85.389        0.000      166.434     7987.664
      85.490       59.600      166.434     7987.664
      85.591       99.500      166.434     7987.664
      85.691       89.500      166.438     7987.664
      85.792       39.800      166.438     7987.664
      85.892       69.500      166.438     7987.664
      85.993        0.000      166.438     7987.664
      86.094        9.900      166.438     7987.664
      86.195        0.000      166.438     7987.664
      86.296        0.000      166.438     7987.664
      86.397        9.900      166.438     7987.664
      86.498        0.000      166.438     7987.664
      86.599       19.800      166.438     7987.664
      86.700      119.100      166.660     7987.914
      86.800      119.400      167.176     7987.914
      86.901       69.500      167.180     7987.914
      87.002        0.000      167.180     7987.914
      87.103        9.900      167.180     7987.914
      87.203        0.000      167.180     7987.914
      87.304        0.000      167.180     7987.914
      87.405        9.900      167.180     7987.914
      87.506        0.000      167.180     7987.914
      87.607        9.900      167.180     7987.914
      87.708       39.700      166.656     7987.664
      87.809       59.700      166.660     7987.664
      87.909      109.500      166.832     7987.664
      88.010      109.400      167.086     7987.664
      88.110        0.000      167.086     7987.664
      88.211        0.000      167.086     7987.664
      88.312        9.900      167.086     7987.664
      88.413        0.000      167.086     7987.664
      88.514        0.000      167.086     7987.664
      88.615       19.800      167.086     7987.664
      88.715       79.400      166.582     7987.664
      88.816       29.800      166.586     7987.664
      88.917       99.400      166.594     7987.664
      89.017       19.900      166.594     7987.664
      89.118       99.400      166.594     7987.664
      89.218      109.200      167.109     7987.664
      89.319        0.000      167.109     7987.664
      89.420        9.900      167.109     7987.664
      89.520        0.000      167.109     7987.664
      89.621        9.900      167.109     7987.664
      89.722       69.400      166.609     7987.664
      89.823       39.800      166.609     7987.664
      89.923       89.400      166.609     7987.664
      90.024        0.000      166.609     7987.664
      90.125        0.000      166.609     7987.664
      90.226        9.900      166.609     7987.664
      90.327      109.200      167.125     7987.664
      90.427       10.000      167.125     7987.664
      90.528        0.000      167.125     7987.664
      90.629        9.900      167.125     7987.664
      90.730       59.500      166.641     7987.664
      90.831       49.600      166.641     7987.664
      90.931       89.300      166.641     7987.664
      91.032        0.000      166.641     7987.664
      91.133        9.900      166.641     7987.664
      91.234        0.000      166.641     7987.664
      91.335        9.900      166.641     7987.664
      91.436       99.300      166.641     7987.664
      91.537        9.900      167.156     7987.664
      91.637        0.000      167.156     7987.664
      91.738       99.400      166.738     7987.664
      91.838       49.700      166.738     7987.664
      91.939       79.300      166.738     7987.664
      92.040        0.000      166.738     7987.664
      92.141        9.900      166.738     7987.664
      92.242        0.000      166.738     7987.664
      92.344        9.900      166.738     7987.664
      92.445        9.900      166.738     7987.664
      92.546       89.300      167.254     7987.664
      92.646        9.900      167.254     7987.664
      92.747       89.300      166.840     7987.664
      92.848       69.500      166.852     7987.664
      92.948       69.500      166.852     7987.664
      93.049        0.000      166.852     7987.664
      93.150        9.900      166.852     7987.664
      93.251        0.000      166.852     7987.664
      93.352        9.900      166.852     7987.664
      93.453        9.900      166.852     7987.664
      93.554        0.000      166.852     7987.664
      93.655      109.400      166.852     7987.664
      93.755       89.400      167.074     7987.664
      93.856       79.500      167.074     7987.664
      93.957       59.500      167.074     7987.664
      94.058        0.000      167.074     7987.664
      94.159        9.900      167.074     7987.664
      94.260        0.000      167.074     7987.664
      94.361        9.900      167.074     7987.664
      94.462        0.000      167.074     7987.664
      94.563        0.000      167.074     7987.664
      94.664       29.700      167.074     7987.664
      94.765      109.400      166.680     7987.664
      94.865      119.500      166.941     7987.664
      94.966       99.500      167.465     7987.664
      95.067        0.000      167.465     7987.664
      95.167        9.900      167.465     7987.664
      95.268        0.000      167.465     7987.664
      95.369        9.900      167.465     7987.664
      95.470        9.900      167.465     7987.664
      95.571        0.000      167.465     7987.664
      95.671       19.900      167.465     7987.664
      95.772       59.600      167.070     7987.664
      95.873       59.700      167.070     7987.664
      95.973       49.800      167.078     7987.664
      96.073       99.600      167.078     7987.664
      96.174       39.700      167.594     7987.664
      96.275        0.000      167.594     7987.664
      96.376        9.900      167.594     7987.664
      96.477        0.000      167.594     7987.664
      96.577        0.000      167.594     7987.664
      96.678       39.800      167.594     7987.664
      96.778       29.800      167.090     7987.664
      96.879       69.500      167.098     7987.664
      96.980       49.600      167.098     7987.664
      97.080        0.000      167.098     7987.664
      97.181       79.500      167.098     7987.664
      97.282       49.700      167.355     7987.664
      97.382        9.900      167.355     7987.664
      97.483        0.000      167.355     7987.664
      97.584        0.000      167.355     7987.664
      97.685       39.600      167.355     7987.664
      97.786       29.700      166.969     7987.664
      97.887       59.400      166.969     7987.664
      97.988       19.900      166.969     7987.664
      98.089        0.000      166.969     7987.664
      98.189        0.000      166.969     7987.664
      98.290       69.700      166.969     7987.664
      98.391       89.500      167.484     7987.664
      98.491        0.000      167.484     7987.664
      98.592        0.000      167.484     7987.664
      98.692       49.700      167.492     7987.664
      98.793       49.500      167.086     7987.664
      98.894       89.200      167.086     7987.664
      98.995       39.600      167.090     7987.664
      99.096        0.000      167.090     7987.664
      99.197        0.000      167.090     7987.664
      99.298        9.900      167.090     7987.664
      99.399       29.800      167.090     7987.664
      99.499       99.500      167.348     7987.664
      99.600        0.000      167.348     7987.664
      99.700       59.600      167.348     7987.664
      99.801       39.700      166.930     7987.664
      99.902       99.300      166.930     7987.664
     100.002       19.800      166.930     7987.664
     100.103        0.000      166.930     7987.664
     100.204        0.000      166.930     7987.664
     100.304        0.000      166.930     7987.664
     100.405        9.900      166.930     7987.664
     100.505       19.900      166.930     7987.664
     100.606       99.500      167.445     7987.664
     100.706       69.700      167.027     7987.664
     100.807       19.900      167.031     7987.664
     100.908       59.600      167.031     7987.664
     101.008        9.900      167.031     7987.664
     101.109        0.000      167.031     7987.664
     101.209        9.900      167.031     7987.664
     101.310        0.000      167.031     7987.664
     101.411        0.000      167.031     7987.664
     101.511        0.000      167.031     7987.664
     101.612        9.900      167.031     7987.664
     101.713      109.500      167.074     7987.914
     101.813       79.600      167.590     7987.914
     101.914       89.400      167.594     7987.914
     102.015       19.800      167.594     7987.914
     102.116        0.000      167.594     7987.914
     102.216        9.900      167.594     7987.914
     102.317        0.000      167.594     7987.914
     102.417        0.000      167.594     7987.914
     102.518        9.900      167.594     7987.914
     102.619        0.000      167.594     7987.914
     102.720       39.700      167.602     7987.914
     102.821      109.200      167.246     7987.664
     102.921      109.500      167.293     7987.914
     103.021       89.500      167.680     7987.664
     103.122        0.000      167.680     7987.664
     103.223        9.900      167.680     7987.664
     103.324        0.000      167.680     7987.664
     103.425        0.000      167.680     7987.664
     103.525        9.900      167.680     7987.664
     103.626        9.900      167.680     7987.664
     103.728       49.600      167.684     7987.664
     103.828       39.700      167.352     7987.664
     103.929       89.500      167.379     7987.664
     104.030       59.700      167.402     7987.914
     104.130       99.600      167.402     7987.914
     104.230       19.900      167.656     7987.914
     104.331        0.000      167.656     7987.914
     104.432        0.000      167.656     7987.914
     104.532        0.000      167.656     7987.914
     104.633       19.800      167.656     7987.914
     104.734       59.400      167.656     7987.914
     104.835       39.700      167.262     7987.914
     104.935       89.600      167.262     7987.914
     105.036        9.900      167.262     7987.914
     105.137        0.000      167.262     7987.914
     105.238      109.200      167.262     7987.914
     105.338       19.900      167.777     7987.914
     105.439        9.900      167.777     7987.914
     105.540        0.000      167.777     7987.914
     105.641        0.000      167.777     7987.914
     105.741       39.800      167.777     7987.914
     105.842       19.800      167.387     7987.914
     105.943       99.300      167.391     7987.914
     106.044        9.900      167.391     7987.914
     106.144        0.000      167.391     7987.914
     106.245        9.900      167.391     7987.914
     106.346       89.400      167.391     7987.914
     106.447       39.700      167.387     7987.914
     106.547        0.000      167.387     7987.914
     106.648        9.900      167.387     7987.914
     106.749       59.600      167.387     7987.914
     106.850       39.700      167.391     7987.914
     106.950       99.300      167.391     7987.914
     107.051       19.900      167.391     7987.914
     107.152        0.000      167.391     7987.914
     107.253        9.900      167.391     7987.914
     107.354        0.000      167.391     7987.914
     107.455       79.500      167.391     7987.914
     107.555       39.800      167.902     7987.914
     107.656        9.900      167.902     7987.914
     107.756       59.600      167.402     7987.914
     107.857        0.000      167.402     7987.914
     107.958      119.300      167.402     7987.914
     108.058        9.900      167.402     7987.914
     108.159        0.000      167.402     7987.914
     108.260        9.900      167.402     7987.914
     108.361        9.900      167.402     7987.914
     108.462        0.000      167.402     7987.914
     108.563       69.500      167.402     7987.914
     108.663       49.700      167.660     7987.914
     108.764       59.500      167.246     7987.914
     108.865        9.900      167.246     7987.914
     108.965      119.100      167.250     7987.914
     109.066        9.900      167.250     7987.914
     109.167        0.000      167.250     7987.914
     109.268        9.900      167.250     7987.914
     109.369        0.000      167.250     7987.914
     109.469        0.000      167.250     7987.914
     109.570        9.900      167.250     7987.914
     109.671       59.700      167.250     7987.914
     109.771      119.400      167.223     7987.914
     109.872       19.900      167.738     7987.914
     109.972       89.400      167.742     7987.914
     110.073        0.000      167.742     7987.914
     110.174        0.000      167.742     7987.914
     110.275       19.800      167.742     7987.914
     110.376        0.000      167.742     7987.914
     110.477        0.000      167.742     7987.914
     110.577        9.900      167.742     7987.914
     110.678        9.900      167.742     7987.914
     110.779       79.500      167.234     7987.914
     110.879       99.500      167.234     7987.914
     110.980      118.900      167.250     7987.914
     111.081       29.700      167.766     7987.914
     111.182        0.000      167.766     7987.914
     111.282        9.900      167.766     7987.914
     111.383        0.000      167.766     7987.914
     111.484        9.900      167.766     7987.914
     111.585        0.000      167.766     7987.914
     111.685        9.900      167.766     7987.914
     111.786       89.400      167.375     7987.914
     111.887        0.000      167.375     7987.914
     111.988       99.200      167.395     7987.914
     112.089       99.200      167.395     7987.914
     112.189       79.600      167.910     7987.914
     112.290        9.900      167.910     7987.914
     112.390        0.000      167.910     7987.914
     112.491        0.000      167.910     7987.914
     112.592        0.000      167.910     7987.914
     112.693        9.900      167.910     7987.914
     112.794       99.100      167.402     7987.914
     112.895        0.000      167.402     7987.914
     112.995      109.400      167.402     7987.914
     113.096       19.900      167.402     7987.914
     113.197       19.900      167.402     7987.914
     113.297      109.500      167.402     7987.914
     113.397       39.800      167.402     7987.914
     113.498        9.900      167.402     7987.914
     113.599        0.000      167.402     7987.914
     113.700        0.000      167.402     7987.914
     113.801       99.100      167.410     7987.914
     113.902        0.000      167.410     7987.914
     114.003      119.100      167.410     7987.914
     114.104        0.000      167.410     7987.914
     114.204        0.000      167.410     7987.914
     114.305        9.900      167.410     7987.914
     114.406       79.500      167.410     7987.914
     114.506       59.700      167.926     7987.914
     114.607        0.000      167.926     7987.914
     114.708        0.000      167.926     7987.914
     114.809       99.100      167.418     7987.914
     114.910        0.000      167.418     7987.914
     115.011      109.100      167.422     7987.914
     115.111        0.000      167.422     7987.914
     115.212        0.000      167.422     7987.914
     115.313       19.800      167.422     7987.914
     115.414        0.000      167.422     7987.914
     115.515       59.600      167.422     7987.914
     115.616       79.600      167.680     7987.914
     115.716        0.000      167.680     7987.914
     115.817       69.400      167.285     7987.914
     115.918        9.900      167.285     7987.914
     116.018       79.400      167.289     7987.914
     116.119        0.000      167.289     7987.914
     116.220        0.000      167.289     7987.914
     116.321        9.900      167.293     7987.914
     116.422        0.000      167.293     7987.914
     116.522        0.000      167.293     7987.914
     116.623       49.700      167.293     7987.914
     116.724      109.400      167.809     7987.914
     116.824       59.600      167.398     7987.914
     116.925        9.900      167.398     7987.914
     117.026       89.500      167.410     7987.914
     117.126        0.000      167.410     7987.914
     117.227        0.000      167.410     7987.914
     117.327       19.900      167.410     7987.914
     117.427        0.000      167.410     7987.914
     117.528        0.000      167.410     7987.914
     117.629        0.000      167.410     7987.914
     117.729       19.900      167.414     7987.914
     117.830      109.400      167.430     7987.914
     117.930      109.400      167.953     7987.914
     118.031       79.400      167.969     7987.914
     118.132        0.000      167.969     7987.914
     118.232        0.000      167.969     7987.914
     118.333        9.900      167.973     7987.914
     118.434        0.000      167.973     7987.914
     118.535        0.000      167.973     7987.914
     118.636        9.900      167.973     7987.914
     118.736        9.900      167.973     7987.914
     118.837       69.400      167.566     7987.914
     118.938       59.600      167.566     7987.914
     119.038      109.500      167.570     7987.914
     119.139      109.400      168.086     7987.914
     119.239        0.000      168.086     7987.914
     119.340        9.900      168.086     7987.914
     119.441        0.000      168.086     7987.914
     119.542        9.900      168.086     7987.914
     119.643        9.900      168.090     7987.914
     119.744       29.800      168.090     7987.914
     119.845       39.600      167.586     7987.914
     119.946       19.800      167.586     7987.914
     120.047      109.100      167.602     7987.914
     120.148       19.900      167.602     7987.914
     120.248       99.500      167.602     7987.914
     120.349       69.600      168.117     7987.914
     120.449        0.000      168.117     7987.914
     120.550        0.000      168.117     7987.914
     120.651        9.900      168.117     7987.914
     120.752       39.700      168.117     7987.914
     120.852       49.600      167.617     7987.914
     120.953       19.800      167.617     7987.914
     121.054      108.900      167.617     7987.914
     121.155        9.900      167.621     7987.914
     121.256        0.000      167.621     7987.914
     121.357       69.400      167.621     7987.914
     121.458       59.700      168.137     7987.914
     121.558        0.000      168.137     7987.914
     121.659       39.700      167.797     7211.535
     121.760        0.000      167.797     7211.535
     121.860       29.800      167.469     7043.453
     121.961        9.900      167.391     7003.434
     122.062       19.800      166.637     6611.242
     122.163       19.800      166.512     6547.211
     122.264        0.000      166.512     6547.211
     122.366        9.900      166.324     6451.164
     122.467        9.900      166.266     6427.152
     122.568        0.000      166.266     6427.152
     122.669       89.300      166.273     6299.090
