# Elapsed time   CPU (%)     Real (MB)   Virtual (MB)
       0.000        0.000        8.480       12.883
       0.100      608.100       28.094      363.719
       0.201      338.700       47.117      450.215
       0.301       99.700       60.363      487.730
       0.401       79.700       86.312      517.746
       0.502       99.600      118.992      589.008
       0.602       99.600      127.180      603.676
       0.703       99.600      136.230      636.305
       0.803       99.600      140.410      903.320
       0.903       99.700      140.855      904.008
       1.004      109.600      141.262      904.258
       1.104       99.700      141.516      904.508
       1.204       69.700      142.062     3368.930
       1.305       69.700      142.637     5577.695
       1.406       29.800      142.988     5978.141
       1.506        0.000      142.988     5978.141
       1.607        0.000      142.988     5978.141
       1.708        0.000      142.988     5978.141
       1.809        0.000      142.988     5978.141
       1.909        0.000      142.988     5978.141
       2.010        0.000      142.988     5978.141
       2.111        0.000      142.988     5978.141
       2.212       59.600      144.004     6058.180
       2.312       59.600      145.887     6058.180
       2.413       89.600      146.828     6058.180
       2.513        9.900      146.898     6058.180
       2.614        0.000      146.898     6058.180
       2.715        0.000      146.898     6058.180
       2.816        0.000      146.898     6058.180
       2.917        0.000      146.898     6058.180
       3.018        0.000      146.898     6058.180
       3.119        0.000      146.898     6058.180
       3.220       39.700      146.949     6058.180
       3.320       59.700      147.176     6058.430
       3.421       29.800      147.254     6058.430
       3.522       99.400      147.254     6058.430
       3.622       99.600      152.789     6063.980
       3.722       29.800      155.734     6064.023
       3.823        0.000      155.734     6064.023
       3.924        0.000      155.734     6064.023
       4.025        0.000      155.734     6064.023
       4.125        0.000      155.734     6064.023
       4.226       39.700      156.242     6064.023
       4.327       49.700      156.445     6064.023
       4.428       19.800      156.457     6064.273
       4.529        0.000      156.457     6064.273
       4.630        0.000      156.457     6064.273
       4.731       79.400      156.809     6064.273
       4.831        0.000      156.809     6064.273
       4.932        0.000      156.809     6064.273
       5.033        0.000      156.809     6064.273
       5.134        0.000      156.809     6064.273
       5.235       49.600      156.809     6064.273
       5.336       49.600      156.809     6064.273
       5.436       19.800      156.812     6064.273
       5.537        0.000      156.812     6064.273
       5.638        0.000      156.812     6064.273
       5.739       19.900      156.812     6064.273
       5.840       49.700      156.812     6064.273
       5.940        0.000      156.812     6064.273
       6.041        0.000      156.812     6064.273
       6.141        0.000      156.812     6064.273
       6.242       59.600      156.816     6064.273
       6.343       29.800      156.816     6064.273
       6.444       29.700      156.820     6064.273
       6.545        0.000      156.820     6064.273
       6.646        0.000      156.820     6064.273
       6.747        0.000      156.820     6064.273
       6.848       49.700      156.820     6064.273
       6.948        9.900      156.820     6064.273
       7.049        0.000      156.820     6064.273
       7.150        0.000      156.820     6064.273
       7.250       49.700      156.820     6064.273
       7.351       39.700      156.820     6064.273
       7.452        9.900      156.820     6064.273
       7.553        0.000      156.820     6064.273
       7.654        0.000      156.820     6064.273
       7.755        0.000      156.820     6064.273
       7.856        0.000      156.820     6064.273
       7.957       69.400      156.820     6064.273
       8.057        0.000      156.820     6064.273
       8.158        0.000      156.820     6064.273
       8.258       59.600      156.828     6064.273
       8.359       29.800      156.828     6064.273
       8.460       19.800      156.828     6064.273
       8.561        0.000      156.828     6064.273
       8.662        0.000      156.828     6064.273
       8.763        0.000      156.828     6064.273
       8.864        0.000      156.828     6064.273
       8.965       39.700      156.828     6064.273
       9.066       19.900      156.828     6064.273
       9.166        9.900      156.832     6064.273
       9.267       59.500      156.844     6064.273
       9.368       29.800      156.848     6064.273
       9.468        9.900      156.848     6064.273
       9.570        0.000      156.848     6064.273
       9.671        0.000      156.848     6064.273
       9.772        0.000      156.848     6064.273
       9.873        0.000      156.848     6064.273
       9.974        0.000      156.848     6064.273
      10.075       69.400      156.848     6064.273
      10.175        9.900      156.855     6064.273
      10.276       49.500      156.898     6064.273
      10.377       39.700      156.938     6064.273
      10.478        9.900      156.945     6064.273
      10.579        0.000      156.945     6064.273
      10.680        0.000      156.945     6064.273
      10.781        0.000      156.945     6064.273
      10.882        0.000      156.945     6064.273
      10.983        0.000      156.945     6064.273
      11.084       29.800      156.945     6064.273
      11.184       49.800      156.945     6064.273
      11.285       49.600      156.945     6064.273
      11.386       19.800      156.945     6064.273
      11.487       29.700      156.945     6064.273
      11.587        0.000      156.945     6064.273
      11.688        0.000      156.945     6064.273
      11.789        0.000      156.945     6064.273
      11.890        0.000      156.945     6064.273
      11.991        0.000      156.945     6064.273
      12.092        0.000      156.945     6064.273
      12.193       69.700      156.949     6064.273
      12.293       39.700      156.961     6064.273
      12.394       29.700      156.961     6064.273
      12.495        9.900      156.961     6064.273
      12.596        0.000      156.961     6064.273
      12.697        0.000      156.961     6064.273
      12.798        0.000      156.961     6064.273
      12.899        0.000      156.961     6064.273
      13.000        0.000      156.961     6064.273
      13.101        0.000      156.961     6064.273
      13.202       39.700      156.961     6064.273
      13.302       79.600      156.965     6064.273
      13.403       39.800      156.965     6064.273
      13.504        9.900      156.965     6064.273
      13.605        0.000      156.965     6064.273
      13.706        0.000      156.965     6064.273
      13.806        0.000      156.965     6064.273
      13.907        0.000      156.965     6064.273
      14.008        0.000      156.965     6064.273
      14.109        0.000      156.965     6064.273
      14.210       19.800      156.965     6064.273
      14.311       79.600      156.969     6064.273
      14.411      109.500      156.969     6064.273
      14.512        0.000      156.969     6064.273
      14.613        0.000      156.969     6064.273
      14.713        0.000      156.969     6064.273
      14.814        0.000      156.969     6064.273
      14.915        0.000      156.969     6064.273
      15.016        0.000      156.969     6064.273
      15.117        0.000      156.969     6064.273
      15.218       19.800      156.969     6064.273
      15.319       49.600      156.969     6064.273
      15.420       49.700      156.969     6064.273
      15.520       69.600      156.969     6064.273
      15.621        0.000      156.969     6064.273
      15.721        0.000      156.969     6064.273
      15.822        0.000      156.969     6064.273
      15.923        0.000      156.969     6064.273
      16.025        0.000      156.969     6064.273
      16.126        0.000      156.969     6064.273
      16.227       19.800      156.969     6064.273
      16.327       39.700      156.973     6064.273
      16.428       39.700      156.973     6064.273
      16.529       49.700      156.973     6064.273
      16.629       39.800      156.973     6064.273
      16.730        0.000      156.973     6064.273
      16.831        0.000      156.973     6064.273
      16.932        0.000      156.973     6064.273
      17.033        0.000      156.973     6064.273
      17.134        0.000      156.973     6064.273
      17.235       19.800      156.973     6064.273
      17.336       39.700      156.973     6064.273
      17.436       39.700      156.973     6064.273
      17.537        0.000      156.973     6064.273
      17.638       69.500      156.973     6064.273
      17.738        0.000      156.973     6064.273
      17.839        0.000      156.973     6064.273
      17.940        0.000      156.973     6064.273
      18.040        0.000      156.973     6064.273
      18.141        0.000      156.973     6064.273
      18.241       19.900      156.973     6064.273
      18.342       39.600      156.973     6064.273
      18.443       39.700      156.973     6064.273
      18.544        0.000      156.973     6064.273
      18.644       29.800      156.973     6064.273
      18.745       39.800      156.973     6064.273
      18.845        0.000      156.973     6064.273
      18.946        0.000      156.973     6064.273
      19.047        0.000      156.973     6064.273
      19.148        0.000      156.973     6064.273
      19.249       39.700      156.977     6064.273
      19.350       29.700      156.977     6064.273
      19.450       39.600      156.977     6064.273
      19.551        9.900      156.977     6064.273
      19.652        0.000      156.977     6064.273
      19.753       59.500      156.977     6064.273
      19.854        0.000      156.977     6064.273
      19.955        0.000      156.977     6064.273
      20.055        0.000      156.977     6064.273
      20.156        0.000      156.977     6064.273
      20.257       49.700      156.980     6064.273
      20.358       19.800      156.980     6064.273
      20.458       39.600      156.980     6064.273
      20.560        9.900      156.980     6064.273
      20.661        0.000      156.980     6064.273
      20.762        9.900      156.980     6064.273
      20.862       59.700      156.980     6064.273
      20.963        0.000      156.980     6064.273
      21.063        0.000      156.980     6064.273
      21.164        0.000      156.980     6064.273
      21.265       59.600      156.984     6064.273
      21.366        9.900      156.984     6064.273
      21.467       39.700      156.984     6064.273
      21.568        9.900      156.984     6064.273
      21.669        0.000      156.984     6064.273
      21.770        0.000      156.984     6064.273
      21.870       49.600      156.984     6064.273
      21.971        9.900      156.984     6064.273
      22.072        0.000      156.984     6064.273
      22.172        9.900      156.984     6064.273
      22.273       49.700      156.984     6064.273
      22.373        9.900      156.984     6064.273
      22.474       29.700      156.984     6064.273
      22.575       19.800      156.984     6064.273
      22.676        0.000      156.984     6064.273
      22.777        0.000      156.984     6064.273
      22.878        0.000      156.984     6064.273
      22.979       59.500      156.984     6064.273
      23.080        0.000      156.984     6064.273
      23.180       10.000      156.988     6064.273
      23.281       49.700      157.012     6064.273
      23.382        9.900      157.012     6064.273
      23.482       29.800      157.012     6064.273
      23.583        9.900      157.012     6064.273
      23.684        0.000      157.012     6064.273
      23.786        0.000      157.012     6064.273
      23.887        0.000      157.012     6064.273
      23.987       29.800      157.012     6064.273
      24.088       29.800      157.012     6064.273
      24.188       19.900      157.012     6064.273
      24.289       39.700      157.012     6064.273
      24.390       29.800      157.012     6064.273
      24.491       29.700      157.012     6064.273
      24.592        0.000      157.012     6064.273
      24.693        0.000      157.012     6064.273
      24.794        0.000      157.012     6064.273
      24.895        0.000      157.012     6064.273
      24.996        0.000      157.012     6064.273
      25.097       59.500      157.012     6064.273
      25.197       19.900      157.012     6064.273
      25.298       39.700      157.012     6064.273
      25.399       39.700      157.012     6064.273
      25.500        9.900      157.012     6064.273
      25.601        9.900      157.012     6064.273
      25.701        0.000      157.012     6064.273
      25.802        0.000      157.012     6064.273
      25.903        0.000      157.012     6064.273
      26.004        0.000      157.012     6064.273
      26.105       29.800      157.012     6064.273
      26.206       49.700      157.051     6064.273
      26.306       39.700      157.051     6064.273
      26.407       39.700      157.051     6064.273
      26.508        0.000      157.051     6064.273
      26.609        9.900      157.051     6064.273
      26.710        0.000      157.051     6064.273
      26.811        0.000      157.051     6064.273
      26.912        0.000      157.051     6064.273
      27.013        0.000      157.051     6064.273
      27.114        0.000      157.051     6064.273
      27.215       69.400      157.059     6064.273
      27.315       39.700      157.059     6064.273
      27.416       39.700      157.059     6064.273
      27.517        9.900      157.059     6064.273
      27.618        9.900      157.059     6064.273
      27.719        0.000      157.059     6064.273
      27.820        0.000      157.059     6064.273
      27.921        0.000      157.059     6064.273
      28.022        0.000      157.059     6064.273
      28.123        0.000      157.059     6064.273
      28.224       29.800      157.062     6064.273
      28.325       99.400      157.320     6064.273
      28.425       19.900      157.320     6064.273
      28.526        9.900      157.320     6064.273
      28.627        9.900      157.320     6064.273
      28.728        0.000      157.320     6064.273
      28.829        0.000      157.320     6064.273
      28.930        0.000      157.320     6064.273
      29.031        0.000      157.320     6064.273
      29.132        0.000      157.320     6064.273
      29.233       19.800      157.320     6064.273
      29.334       79.500      157.320     6064.273
      29.434       59.700      157.324     6064.273
      29.535        9.900      157.324     6064.273
      29.636        0.000      157.324     6064.273
      29.736        0.000      157.324     6064.273
      29.837        0.000      157.324     6064.273
      29.937        0.000      157.324     6064.273
      30.038        0.000      157.324     6064.273
      30.139        0.000      157.324     6064.273
      30.240       19.800      157.324     6064.273
      30.341       49.700      157.324     6064.273
      30.442       69.500      157.324     6064.273
      30.542       39.700      157.324     6064.273
      30.643        0.000      157.324     6064.273
      30.744        0.000      157.324     6064.273
      30.845        0.000      157.324     6064.273
      30.946        0.000      157.324     6064.273
      31.048        0.000      157.324     6064.273
      31.149        0.000      157.324     6064.273
      31.250       29.800      157.324     6064.273
      31.350       29.800      157.324     6064.273
      31.451       49.700      157.324     6064.273
      31.552       79.500      157.109     6064.273
      31.652        0.000      157.109     6064.273
      31.753        0.000      157.109     6064.273
      31.853        0.000      157.109     6064.273
      31.954        0.000      157.109     6064.273
      32.055        0.000      157.109     6064.273
      32.156        0.000      157.109     6064.273
      32.257       19.800      157.109     6064.273
      32.358       49.600      157.121     6064.273
      32.459       39.700      157.121     6064.273
      32.559       19.900      157.125     6064.273
      32.660       69.600      157.133     6064.273
      32.760        0.000      157.133     6064.273
      32.861        0.000      157.133     6064.273
      32.962        0.000      157.133     6064.273
      33.063        0.000      157.133     6064.273
      33.164        0.000      157.133     6064.273
      33.265       19.800      157.133     6064.273
      33.366       39.600      157.133     6064.273
      33.467       39.700      157.137     6064.273
      33.568        0.000      157.137     6064.273
      33.668       59.600      157.137     6064.273
      33.769       19.900      157.137     6064.273
      33.869        0.000      157.137     6064.273
      33.970        0.000      157.137     6064.273
      34.071        0.000      157.137     6064.273
      34.173        0.000      157.137     6064.273
      34.273       39.700      157.137     6064.273
      34.374       29.800      157.141     6064.273
      34.475       39.700      157.141     6064.273
      34.576        9.900      157.141     6064.273
      34.677        0.000      157.141     6064.273
      34.778       69.400      157.160     6064.273
      34.879        0.000      157.160     6064.273
      34.979        0.000      157.160     6064.273
      35.080        0.000      157.160     6064.273
      35.181        0.000      157.160     6064.273
      35.282       29.800      157.160     6064.273
      35.382       19.900      157.160     6064.273
      35.483       39.700      157.160     6064.273
      35.584        9.900      157.160     6064.273
      35.685        0.000      157.160     6064.273
      35.786       39.700      157.160     6064.273
      35.886       19.900      157.164     6064.273
      35.987        0.000      157.164     6064.273
      36.088        0.000      157.164     6064.273
      36.189        0.000      157.164     6064.273
      36.290       39.700      157.164     6064.273
      36.391       19.900      157.164     6064.273
      36.491       19.800      157.164     6064.273
      36.592        9.900      157.164     6064.273
      36.693        9.900      157.164     6064.273
      36.794        0.000      157.164     6064.273
      36.895       69.400      157.164     6064.273
      36.996        0.000      157.164     6064.273
      37.096        0.000      157.164     6064.273
      37.197        0.000      157.164     6064.273
      37.298       49.700      157.164     6064.273
      37.399        0.000      157.164     6064.273
      37.499       29.700      157.164     6064.273
      37.600       19.900      157.164     6064.273
      37.701        0.000      157.164     6064.273
      37.802        0.000      157.164     6064.273
      37.903       39.700      157.164     6064.273
      38.004       19.900      157.168     6064.273
      38.104        0.000      157.168     6064.273
      38.205       19.900      157.168     6064.273
      38.306       39.700      157.168     6064.273
      38.406        0.000      157.168     6064.273
      38.507       29.700      157.168     6064.273
      38.608       19.800      157.168     6064.273
      38.709        0.000      157.168     6064.273
      38.810        0.000      157.168     6064.273
      38.911        0.000      157.168     6064.273
      39.012       59.400      157.168     6064.273
      39.113        0.000      157.168     6064.273
      39.214       29.800      157.168     6064.273
      39.314       39.800      157.168     6064.273
      39.415        0.000      157.168     6064.273
      39.516       29.700      157.168     6064.273
      39.617        9.900      157.168     6064.273
      39.718        0.000      157.168     6064.273
      39.819        0.000      157.168     6064.273
      39.920        0.000      157.168     6064.273
      40.021       29.800      157.168     6064.273
      40.121       39.800      157.168     6064.273
      40.222       19.900      157.168     6064.273
      40.323       39.700      157.168     6064.273
      40.423        0.000      157.168     6064.273
      40.524       39.600      157.168     6064.273
      40.625       19.800      157.168     6064.273
      40.726        0.000      157.168     6064.273
      40.827        0.000      157.168     6064.273
      40.928        0.000      157.168     6064.273
      41.029        0.000      157.168     6064.273
      41.130       59.500      157.180     6064.273
      41.231        9.900      157.180     6064.273
      41.332       39.700      157.180     6064.273
      41.432       19.800      157.188     6064.273
      41.533       29.700      157.188     6064.273
      41.634        9.900      157.188     6064.273
      41.735        0.000      157.188     6064.273
      41.836        0.000      157.188     6064.273
      41.937        0.000      157.188     6064.273
      42.038        0.000      157.188     6064.273
      42.139       19.900      157.188     6064.273
      42.239       59.700      157.188     6064.273
      42.340       29.800      157.188     6064.273
      42.441       29.800      157.188     6064.273
      42.541        9.900      157.188     6064.273
      42.642       19.800      157.188     6064.273
      42.743        0.000      157.188     6064.273
      42.844        0.000      157.188     6064.273
      42.945        0.000      157.188     6064.273
      43.046        0.000      157.188     6064.273
      43.147        0.000      157.188     6064.273
      43.248       69.500      156.938     6064.273
      43.349       39.800      157.191     6064.273
      43.449       29.800      157.191     6064.273
      43.550        9.900      157.191     6064.273
      43.651        9.900      157.191     6064.273
      43.751        0.000      157.191     6064.273
      43.852        0.000      157.191     6064.273
      43.953        0.000      157.191     6064.273
      44.054        0.000      157.191     6064.273
      44.155        0.000      157.191     6064.273
      44.256       29.800      157.191     6064.273
      44.356       89.500      157.191     6064.273
      44.457       29.800      157.191     6064.273
      44.557        9.900      157.191     6064.273
      44.658        9.900      157.191     6064.273
      44.759        0.000      157.191     6064.273
      44.860        0.000      157.191     6064.273
      44.961        0.000      157.191     6064.273
      45.062        0.000      157.191     6064.273
      45.163        0.000      157.191     6064.273
      45.264       29.700      157.191     6064.273
      45.365       59.700      157.195     6064.273
      45.466       79.600      157.199     6064.273
      45.566        9.900      157.199     6064.273
      45.667        9.900      157.199     6064.273
      45.768        0.000      157.199     6064.273
      45.869        0.000      157.199     6064.273
      45.970        0.000      157.199     6064.273
      46.071        0.000      157.199     6064.273
      46.172        0.000      157.199     6064.273
      46.273       19.800      157.199     6064.273
      46.374       39.700      157.199     6064.273
      46.474       59.600      157.199     6064.273
      46.575       39.800      157.457     6064.273
      46.675        9.900      157.457     6064.273
      46.776        0.000      157.457     6064.273
      46.877        0.000      157.457     6064.273
      46.978        0.000      157.457     6064.273
      47.079        0.000      157.457     6064.273
      47.180        0.000      157.457     6064.273
      47.280       19.900      157.473     6064.273
      47.381       39.700      157.480     6064.273
      47.482       29.800      157.512     6064.273
      47.582       69.600      157.262     6064.273
      47.683        0.000      157.262     6064.273
      47.784        0.000      157.262     6064.273
      47.884        0.000      157.262     6064.273
      47.985        0.000      157.262     6064.273
      48.086        0.000      157.262     6064.273
      48.187        0.000      157.262     6064.273
      48.288       29.700      157.266     6064.273
      48.389       39.700      157.266     6064.273
      48.490       49.600      157.266     6064.273
      48.591        9.900      157.266     6064.273
      48.691       69.500      157.266     6064.273
      48.792        0.000      157.266     6064.273
      48.893        0.000      157.266     6064.273
      48.994        0.000      157.266     6064.273
      49.095        0.000      157.266     6064.273
      49.196        0.000      157.266     6064.273
      49.297       19.800      157.266     6064.273
      49.398       49.600      157.266     6064.273
      49.498       39.700      157.270     6064.273
      49.599        9.900      157.270     6064.273
      49.700       49.700      157.270     6064.273
      49.800       19.900      157.277     6064.273
      49.901        0.000      157.277     6064.273
      50.001        0.000      157.277     6064.273
      50.102        0.000      157.277     6064.273
      50.203        0.000      157.277     6064.273
      50.304       19.800      157.277     6064.273
      50.405       49.700      157.277     6064.273
      50.506       29.800      157.277     6064.273
      50.606        0.000      157.277     6064.273
      50.707        9.900      157.277     6064.273
      50.808       59.600      157.277     6064.273
      50.909        0.000      157.277     6064.273
      51.009        0.000      157.277     6064.273
      51.110        0.000      157.277     6064.273
      51.211        0.000      157.277     6064.273
      51.312       29.700      157.277     6064.273
      51.413       39.700      157.281     6064.273
      51.513       39.700      157.281     6064.273
      51.614        0.000      157.281     6064.273
      51.715        9.900      157.281     6064.273
      51.816       29.800      157.281     6064.273
      51.917       29.900      157.281     6064.273
      52.017        0.000      157.281     6064.273
      52.118        0.000      157.281     6064.273
      52.219        0.000      157.281     6064.273
      52.320       19.800      157.281     6064.273
      52.420       39.700      157.281     6064.273
      52.521       49.600      157.281     6064.273
      52.622        9.900      157.281     6064.273
      52.723        0.000      157.281     6064.273
      52.824        0.000      157.281     6064.273
      52.925       59.500      157.285     6064.273
      53.026        0.000      157.285     6064.273
      53.126        0.000      157.285     6064.273
      53.227        0.000      157.285     6064.273
      53.328       19.800      157.285     6064.273
      53.429       39.600      157.285     6064.273
      53.530       29.800      157.285     6064.273
      53.630        9.900      157.285     6064.273
      53.731        9.900      157.285     6064.273
      53.832        0.000      157.285     6064.273
      53.933       19.900      157.285     6064.273
      54.034       49.800      157.285     6064.273
      54.134        0.000      157.285     6064.273
      54.235        0.000      157.285     6064.273
      54.336       39.800      157.285     6064.273
      54.436       19.900      157.285     6064.273
      54.537       29.800      157.285     6064.273
      54.638        9.900      157.285     6064.273
      54.739        0.000      157.285     6064.273
      54.840        0.000      157.285     6064.273
      54.941        0.000      157.285     6064.273
      55.042       59.500      157.285     6064.273
      55.142        0.000      157.285     6064.273
      55.243        0.000      157.285     6064.273
      55.344       39.800      157.285     6064.273
      55.444       19.800      157.285     6064.273
      55.545       29.800      157.285     6064.273
      55.646        9.900      157.285     6064.273
      55.747        0.000      157.285     6064.273
      55.848        0.000      157.285     6064.273
      55.949        0.000      157.285     6064.273
      56.049       10.000      157.285     6064.273
      56.150       49.700      157.289     6064.273
      56.250       10.000      157.289     6064.273
      56.351       39.800      157.289     6064.273
      56.452        9.900      157.289     6064.273
      56.553       39.600      157.297     6064.273
      56.653        9.900      157.297     6064.273
      56.754        0.000      157.297     6064.273
      56.855        0.000      157.297     6064.273
      56.956        0.000      157.297     6064.273
      57.057        0.000      157.297     6064.273
      57.158       59.600      157.305     6064.273
      57.259       10.000      157.305     6064.273
      57.359       39.800      157.305     6064.273
      57.460        9.900      157.305     6064.273
      57.561       29.700      157.305     6064.273
      57.662        9.900      157.305     6064.273
      57.763        0.000      157.305     6064.273
      57.864        0.000      157.305     6064.273
      57.965        0.000      157.305     6064.273
      58.066        0.000      157.305     6064.273
      58.167        9.900      157.305     6064.273
      58.267       69.500      157.305     6064.273
      58.368       39.700      157.305     6064.273
      58.469        9.900      157.305     6064.273
      58.570       29.700      157.305     6064.273
      58.671        9.900      157.305     6064.273
      58.772        0.000      157.305     6064.273
      58.873        0.000      157.305     6064.273
      58.974        0.000      157.305     6064.273
      59.075        0.000      157.305     6064.273
      59.176        0.000      157.305     6064.273
      59.277       49.700      157.305     6064.273
      59.377       69.600      157.305     6064.273
      59.478        9.900      157.305     6064.273
      59.579       19.800      157.305     6064.273
      59.680        9.900      157.305     6064.273
      59.780        0.000      157.305     6064.273
      59.882        0.000      157.305     6064.273
      59.983        0.000      157.305     6064.273
      60.084        0.000      157.305     6064.273
      60.185        0.000      157.305     6064.273
      60.286        9.900      157.305     6064.273
      60.386       99.300      157.316     6064.273
      60.487       19.900      157.316     6064.273
      60.588       19.900      157.316     6064.273
      60.688        9.900      157.316     6064.273
      60.789        0.000      157.316     6064.273
      60.890        0.000      157.316     6064.273
      60.991        0.000      157.316     6064.273
      61.092        0.000      157.316     6064.273
      61.194        0.000      157.316     6064.273
      61.295       19.800      157.316     6064.273
      61.395       49.600      157.320     6064.273
      61.496       89.600      157.324     6064.273
      61.596        9.900      157.324     6064.273
      61.697        9.900      157.324     6064.273
      61.798        0.000      157.324     6064.273
      61.899        0.000      157.324     6064.273
      62.000        0.000      157.324     6064.273
      62.101        0.000      157.324     6064.273
      62.202        0.000      157.324     6064.273
      62.303        9.900      157.324     6064.273
      62.404       59.500      157.324     6064.273
      62.505       39.800      157.324     6064.273
      62.605       59.600      157.324     6064.273
      62.706        9.900      157.324     6064.273
      62.807        0.000      157.324     6064.273
      62.908        0.000      157.324     6064.273
      63.009        0.000      157.324     6064.273
      63.110        0.000      157.324     6064.273
      63.211        0.000      157.324     6064.273
      63.313       19.800      157.324     6064.273
      63.413       49.600      157.324     6064.273
      63.514        9.900      157.324     6064.273
      63.615       89.500      157.324     6064.273
      63.715        9.900      157.324     6064.273
      63.816        0.000      157.324     6064.273
      63.917        0.000      157.324     6064.273
      64.018        0.000      157.324     6064.273
      64.119        0.000      157.324     6064.273
      64.220        0.000      157.324     6064.273
      64.321       29.800      157.324     6064.273
      64.422       49.700      157.324     6064.273
      64.522        9.900      157.324     6064.273
      64.623       29.800      157.324     6064.273
      64.724       79.400      157.324     6064.273
      64.824        0.000      157.324     6064.273
      64.925        0.000      157.324     6064.273
      65.026        0.000      157.324     6064.273
      65.127        0.000      157.324     6064.273
      65.228        0.000      157.324     6064.273
      65.329       19.800      157.324     6064.273
      65.430       29.800      157.324     6064.273
      65.531       39.800      157.324     6064.273
      65.631        9.900      157.324     6064.273
      65.732       39.700      157.324     6064.273
      65.833       29.900      157.336     6064.273
      65.933        0.000      157.336     6064.273
      66.034        0.000      157.336     6064.273
      66.135        0.000      157.336     6064.273
      66.236        0.000      157.336     6064.273
      66.337       19.800      157.336     6064.273
      66.438       49.600      157.336     6064.273
      66.538       29.800      157.336     6064.273
      66.639        9.900      157.336     6064.273
      66.740        0.000      157.336     6064.273
      66.840       69.600      157.336     6064.273
      66.941        0.000      157.336     6064.273
      67.041        0.000      157.336     6064.273
      67.142        0.000      157.336     6064.273
      67.243        0.000      157.336     6064.273
      67.344        9.900      157.336     6064.273
      67.444       49.600      157.336     6064.273
      67.545       49.700      157.336     6064.273
      67.646        0.000      157.336     6064.273
      67.747        9.900      157.336     6064.273
      67.848       29.800      157.336     6064.273
      67.948       39.800      157.336     6064.273
      68.049        0.000      157.336     6064.273
      68.149        0.000      157.336     6064.273
      68.250        0.000      157.336     6064.273
      68.351       19.800      157.336     6064.273
      68.452       49.500      157.336     6064.273
      68.553       29.800      157.336     6064.273
      68.654       19.900      157.336     6064.273
      68.754        0.000      157.336     6064.273
      68.855        0.000      157.336     6064.273
      68.956       59.500      157.336     6064.273
      69.057        0.000      157.336     6064.273
      69.158        0.000      157.336     6064.273
      69.259        0.000      157.336     6064.273
      69.360       19.800      157.336     6064.273
      69.461       39.600      157.340     6064.273
      69.562       39.700      157.340     6064.273
      69.663        9.900      157.340     6064.273
      69.764        9.900      157.340     6064.273
      69.865        0.000      157.340     6064.273
      69.966        9.900      157.340     6064.273
      70.066       49.700      157.340     6064.273
      70.167        0.000      157.340     6064.273
      70.268        0.000      157.340     6064.273
      70.368       29.800      157.340     6064.273
      70.469       29.700      157.340     6064.273
      70.570       39.700      157.340     6064.273
      70.671        9.900      157.340     6064.273
      70.772        0.000      157.340     6064.273
      70.873        0.000      157.340     6064.273
      70.974        0.000      157.340     6064.273
      71.075       49.600      157.340     6064.273
      71.175       19.900      157.340     6064.273
      71.276        0.000      157.340     6064.273
      71.377       29.800      157.340     6064.273
      71.477       29.800      157.340     6064.273
      71.578       39.700      157.340     6064.273
      71.679        9.900      157.340     6064.273
      71.780        0.000      157.340     6064.273
      71.881        0.000      157.340     6064.273
      71.982        0.000      157.340     6064.273
      72.083        0.000      157.340     6064.273
      72.184       59.500      157.344     6064.273
      72.284        0.000      157.344     6064.273
      72.385       39.800      157.344     6064.273
      72.486        9.900      157.344     6064.273
      72.586       39.700      157.344     6064.273
      72.687        9.900      157.344     6064.273
      72.789        0.000      157.344     6064.273
      72.890        0.000      157.344     6064.273
      72.991        0.000      157.344     6064.273
      73.092        0.000      157.344     6064.273
      73.193       49.600      157.090     6064.273
      73.293       19.900      157.344     6064.273
      73.394       39.800      157.344     6064.273
      73.494        9.900      157.344     6064.273
      73.595       39.700      157.344     6064.273
      73.696        9.900      157.344     6064.273
      73.797        0.000      157.344     6064.273
      73.898        0.000      157.344     6064.273
      73.999        0.000      157.344     6064.273
      74.100        0.000      157.344     6064.273
      74.201        0.000      157.344     6064.273
      74.302       69.500      157.344     6064.273
      74.402       49.800      157.344     6064.273
      74.503        0.000      157.344     6064.273
      74.604       39.700      157.344     6064.273
      74.705        9.900      157.344     6064.273
      74.806        0.000      157.344     6064.273
      74.907        0.000      157.344     6064.273
      75.008        0.000      157.344     6064.273
      75.108        0.000      157.344     6064.273
      75.209        0.000      157.344     6064.273
      75.310       39.700      157.344     6064.273
      75.411       69.600      157.457     6064.273
      75.512       19.800      157.457     6064.273
      75.613       29.700      157.457     6064.273
      75.713        9.900      157.457     6064.273
      75.814        0.000      157.457     6064.273
      75.915        0.000      157.457     6064.273
      76.016        0.000      157.457     6064.273
      76.117        0.000      157.457     6064.273
      76.217        0.000      157.457     6064.273
      76.318        0.000      157.457     6064.273
      76.419       89.400      157.219     6064.523
      76.519       39.700      157.473     6064.523
      76.620       19.800      157.477     6064.523
      76.721        9.900      157.477     6064.523
      76.822        0.000      157.477     6064.523
      76.923        0.000      157.477     6064.523
      77.024        0.000      157.477     6064.523
      77.125        0.000      157.477     6064.523
      77.226        0.000      157.477     6064.523
      77.327       29.700      157.477     6064.523
      77.428       29.800      157.484     6064.523
      77.529       79.600      157.625     6064.273
      77.629       19.900      157.625     6064.273
      77.730        9.900      157.625     6064.273
      77.831        0.000      157.625     6064.273
      77.932        0.000      157.625     6064.273
      78.033        0.000      157.625     6064.273
      78.134        0.000      157.625     6064.273
      78.235        0.000      157.625     6064.273
      78.336       19.800      157.625     6064.273
      78.437       39.700      157.629     6064.523
      78.538       29.900      157.629     6064.523
      78.638       79.600      157.629     6064.523
      78.739        9.900      157.629     6064.523
      78.840        0.000      157.629     6064.523
      78.941        0.000      157.629     6064.523
      79.041        0.000      157.629     6064.523
      79.143        0.000      157.629     6064.523
      79.243        0.000      157.629     6064.523
      79.344       19.800      157.629     6064.523
      79.445       49.700      157.637     6064.523
      79.545        0.000      157.637     6064.523
      79.646       79.500      157.645     6064.523
      79.747       49.700      157.484     6064.523
      79.847        0.000      157.484     6064.523
      79.948        0.000      157.484     6064.523
      80.049        0.000      157.484     6064.523
      80.150        0.000      157.484     6064.523
      80.251        0.000      157.484     6064.523
      80.352       19.800      157.484     6064.523
      80.453       39.700      157.484     6064.523
      80.553        9.900      157.484     6064.523
      80.654       39.600      157.484     6064.523
      80.755       79.500      157.484     6064.523
      80.856        0.000      157.484     6064.523
      80.957        0.000      157.484     6064.523
      81.057        0.000      157.484     6064.523
      81.158        0.000      157.484     6064.523
      81.259        0.000      157.484     6064.523
      81.360        9.900      157.484     6064.523
      81.461       39.700      157.484     6064.523
      81.562        0.000      157.484     6064.523
      81.662       29.800      157.484     6064.523
      81.763        9.900      157.484     6064.523
      81.864       69.500      157.488     6064.523
      81.965        0.000      157.488     6064.523
      82.065        0.000      157.488     6064.523
      82.166        0.000      157.488     6064.523
      82.267        0.000      157.488     6064.523
      82.367        9.900      157.488     6064.523
      82.468       59.500      157.488     6064.523
      82.569        9.900      157.488     6064.523
      82.670       29.700      157.488     6064.523
      82.771        9.900      157.488     6064.523
      82.871       49.700      157.234     6064.523
      82.972        9.900      157.488     6064.523
      83.073        0.000      157.488     6064.523
      83.174        0.000      157.488     6064.523
      83.275        0.000      157.488     6064.523
      83.376       19.800      157.488     6064.523
      83.477       39.700      157.488     6064.523
      83.577       19.900      157.488     6064.523
      83.678        9.900      157.488     6064.523
      83.778        0.000      157.488     6064.523
      83.879        0.000      157.488     6064.523
      83.979       79.400      157.488     6064.523
      84.080        0.000      157.488     6064.523
      84.181        0.000      157.488     6064.523
      84.282        0.000      157.488     6064.523
      84.382        9.900      157.488     6064.523
      84.483       39.800      157.492     6064.523
      84.583       10.000      157.492     6064.523
      84.684        9.900      157.492     6064.523
      84.784        0.000      157.492     6064.523
      84.885        0.000      157.492     6064.523
      84.985       19.900      157.492     6064.523
      85.086       49.800      157.492     6064.523
      85.186        0.000      157.492     6064.523
      85.287        0.000      157.492     6064.523
      85.387        9.900      157.492     6064.523
      85.488       29.800      157.492     6064.523
      85.589       39.800      157.492     6064.523
      85.689        9.900      157.492     6064.523
      85.790        0.000      157.492     6064.523
      85.891        0.000      157.492     6064.523
      85.992        0.000      157.492     6064.523
      86.093       59.600      157.508     6064.523
      86.193        0.000      157.508     6064.523
      86.294        0.000      157.508     6064.523
      86.395        0.000      157.508     6064.523
      86.495       39.700      157.508     6064.523
      86.596       29.800      157.508     6064.523
      86.696        0.000      157.508     6064.523
      86.797        0.000      157.508     6064.523
      86.897        0.000      157.508     6064.523
      86.998        0.000      157.508     6064.523
      87.098       10.000      157.508     6064.523
      87.199       59.800      157.512     6064.523
      87.299        0.000      157.512     6064.523
      87.400       19.800      157.520     6064.523
      87.501       39.700      157.539     6064.523
      87.601       29.800      157.539     6064.523
      87.702        9.900      157.539     6064.523
      87.803        9.900      157.539     6064.523
      87.904        0.000      157.539     6064.523
      88.005        0.000      157.539     6064.523
      88.105        0.000      157.539     6064.523
      88.206       59.700      157.539     6064.523
      88.306        0.000      157.539     6064.523
      88.407        9.900      157.539     6064.523
      88.508       39.600      157.539     6064.523
      88.609       29.800      157.539     6064.523
      88.709       19.800      157.539     6064.523
      88.810        0.000      157.539     6064.523
      88.911        0.000      157.539     6064.523
      89.012        0.000      157.539     6064.523
      89.113        0.000      157.539     6064.523
      89.213        0.000      157.539     6064.523
      89.314       59.500      157.539     6064.523
      89.415        0.000      157.539     6064.523
      89.515       49.600      157.539     6064.523
      89.616       39.700      157.539     6064.523
      89.717        0.000      157.539     6064.523
      89.818        9.900      157.539     6064.523
      89.919        0.000      157.539     6064.523
      90.020        0.000      157.539     6064.523
      90.121        0.000      157.539     6064.523
      90.223        0.000      157.539     6064.523
      90.323       49.600      157.539     6064.523
      90.424       39.800      157.539     6064.523
      90.525       39.700      157.539     6064.523
      90.626       39.700      157.543     6064.523
      90.726        0.000      157.543     6064.523
      90.827        9.900      157.543     6064.523
      90.928        0.000      157.543     6064.523
      91.029        0.000      157.543     6064.523
      91.130        0.000      157.543     6064.523
      91.231        0.000      157.543     6064.523
      91.332        0.000      157.543     6064.523
      91.433       99.300      157.551     6064.523
      91.534       19.900      157.551     6064.523
      91.635       29.800      157.551     6064.523
      91.735        0.000      157.551     6064.523
      91.836        0.000      157.551     6064.523
      91.937        0.000      157.551     6064.523
      92.038        0.000      157.551     6064.523
      92.139        0.000      157.551     6064.523
      92.239        0.000      157.551     6064.523
      92.340        9.900      157.551     6064.523
      92.441       49.700      157.551     6064.523
      92.541       59.700      157.551     6064.523
      92.642       29.800      157.551     6064.523
      92.742        0.000      157.551     6064.523
      92.843        9.900      157.551     6064.523
      92.944        0.000      157.551     6064.523
      93.044        0.000      157.551     6064.523
      93.145        0.000      157.551     6064.523
      93.245        0.000      157.551     6064.523
      93.346        9.900      157.551     6064.523
      93.447        0.000      157.551     6064.523
      93.547       89.600      157.559     6064.523
      93.648       39.800      157.559     6064.523
      93.748        0.000      157.559     6064.523
      93.849        9.900      157.562     6064.523
      93.950        0.000      157.562     6064.523
      94.051        0.000      157.562     6064.523
      94.152        0.000      157.562     6064.523
      94.253        0.000      157.562     6064.523
      94.354        9.900      157.562     6064.523
      94.455        9.900      157.562     6064.523
      94.556       39.600      157.562     6064.523
      94.657       99.300      157.570     6064.523
      94.757        0.000      157.570     6064.523
      94.858        0.000      157.570     6064.523
      94.959        0.000      157.570     6064.523
      95.060        0.000      157.570     6064.523
      95.160        0.000      157.570     6064.523
      95.261        0.000      157.570     6064.523
      95.362       19.800      157.570     6064.523
      95.463        9.900      157.570     6064.523
      95.564       29.800      157.570     6064.523
      95.664       49.700      157.570     6064.523
      95.765       59.600      157.570     6064.523
      95.865        0.000      157.570     6064.523
      95.966        0.000      157.570     6064.523
      96.067        0.000      157.570     6064.523
      96.168        0.000      157.570     6064.523
      96.269        0.000      157.570     6064.523
      96.369       19.900      157.570     6064.523
      96.470       19.900      157.578     6064.523
      96.571       29.800      157.582     6064.523
      96.672       29.800      157.582     6064.523
      96.772       59.700      157.590     6064.523
      96.873       19.900      157.594     6064.523
      96.973        0.000      157.594     6064.523
      97.075        0.000      157.594     6064.523
      97.176        0.000      157.594     6064.523
      97.276        0.000      157.594     6064.523
      97.377       19.800      157.594     6064.523
      97.478       19.900      157.594     6064.523
      97.579        9.900      157.594     6064.523
      97.680       39.700      157.594     6064.523
      97.780        9.900      157.594     6064.523
      97.881       59.500      157.598     6064.523
      97.982        0.000      157.598     6064.523
      98.083        0.000      157.598     6064.523
      98.184        0.000      157.598     6064.523
      98.285        0.000      157.598     6064.523
      98.386       19.800      157.598     6064.523
      98.487       29.800      157.602     6064.523
      98.587        9.900      157.602     6064.523
      98.688       29.700      157.602     6064.523
      98.789        9.900      157.602     6064.523
      98.890       39.700      157.602     6064.523
      98.990       29.900      157.602     6064.523
      99.091        0.000      157.602     6064.523
      99.191        0.000      157.602     6064.523
      99.292        0.000      157.602     6064.523
      99.393       19.800      157.602     6064.523
      99.494       49.700      157.602     6064.523
      99.594        0.000      157.602     6064.523
      99.695       39.700      157.602     6064.523
      99.796       19.800      157.602     6064.523
      99.897        0.000      157.602     6064.523
      99.998       59.600      157.617     6064.523
     100.098        0.000      157.617     6064.523
     100.199        0.000      157.617     6064.523
     100.300        0.000      157.617     6064.523
     100.400       19.800      157.617     6064.523
     100.501       39.700      157.617     6064.523
     100.602        9.900      157.617     6064.523
     100.703       39.700      157.621     6064.523
     100.804        0.000      157.621     6064.523
     100.904        0.000      157.621     6064.523
     101.005       19.900      157.621     6064.523
     101.106       39.800      157.621     6064.523
     101.206        0.000      157.621     6064.523
     101.307        0.000      157.621     6064.523
     101.408        9.900      157.621     6064.523
     101.508       49.600      157.621     6064.523
     101.609        0.000      157.621     6064.523
     101.710       39.800      157.621     6064.523
     101.810        0.000      157.621     6064.523
     101.911        0.000      157.621     6064.523
     102.012        0.000      157.621     6064.523
     102.113       59.500      157.625     6064.523
     102.214        0.000      157.625     6064.523
     102.314        0.000      157.625     6064.523
     102.415        9.900      157.625     6064.523
     102.516       49.500      157.625     6064.523
     102.617        9.900      157.625     6064.523
     102.717       29.700      157.625     6064.523
     102.818        9.900      157.625     6064.523
     102.920        0.000      157.625     6064.523
     103.020        0.000      157.625     6064.523
     103.121        9.900      157.625     6064.523
     103.222       59.600      157.625     6064.523
     103.323        0.000      157.625     6064.523
     103.423        9.900      157.625     6064.523
     103.524       39.700      157.625     6064.523
     103.625       19.900      157.625     6064.523
     103.726       29.800      157.625     6064.523
     103.826        0.000      157.625     6064.523
     103.927        0.000      157.625     6064.523
     104.028        0.000      157.625     6064.523
     104.129        0.000      157.625     6064.523
     104.230       49.800      157.633     6064.523
     104.330       10.000      157.633     6064.523
     104.430        9.900      157.633     6064.523
     104.531       29.800      157.633     6064.523
     104.632       19.900      157.633     6064.523
     104.732       10.000      157.633     6064.523
     104.833        0.000      157.633     6064.523
     104.933        0.000      157.633     6064.523
     105.034        0.000      157.633     6064.523
     105.134        0.000      157.633     6064.523
     105.235        0.000      157.633     6064.523
     105.335       59.600      157.633     6064.523
     105.436        9.900      157.633     6064.523
     105.537       39.700      157.633     6064.523
     105.637       29.800      157.641     6064.523
     105.738       19.800      157.641     6064.523
     105.839        0.000      157.641     6064.523
     105.940        0.000      157.641     6064.523
     106.040        0.000      157.641     6064.523
     106.141        0.000      157.641     6064.523
     106.242        0.000      157.641     6064.523
     106.342       39.800      157.641     6064.523
     106.443       39.800      157.645     6064.523
     106.543       19.800      157.645     6064.523
     106.644       39.700      157.645     6064.523
     106.745        9.900      157.645     6064.523
     106.846        0.000      157.645     6064.523
     106.946        0.000      157.645     6064.523
     107.047        0.000      157.645     6064.523
     107.148        0.000      157.645     6064.523
     107.249        0.000      157.645     6064.523
     107.349        0.000      157.645     6064.523
     107.450       69.600      157.652     6064.523
     107.551       19.900      157.652     6064.523
     107.651       39.700      157.652     6064.523
     107.752        0.000      157.652     6064.523
     107.853        0.000      157.652     6064.523
     107.954        0.000      157.652     6064.523
     108.055        0.000      157.652     6064.523
     108.156        0.000      157.652     6064.523
     108.257        0.000      157.652     6064.523
     108.358       19.800      157.652     6064.523
     108.459       29.800      157.652     6064.523
     108.559       79.600      157.910     6064.523
     108.660       39.700      157.910     6064.523
     108.761        0.000      157.910     6064.523
     108.862        9.900      157.910     6064.523
     108.963        0.000      157.910     6064.523
     109.064        0.000      157.910     6064.523
     109.165        0.000      157.910     6064.523
     109.266        0.000      157.910     6064.523
     109.367       19.900      157.914     6064.523
     109.467        0.000      157.914     6064.523
     109.568       89.500      157.918     6064.523
     109.669       69.500      157.918     6064.523
     109.769        0.000      157.918     6064.523
     109.870        9.900      157.918     6064.523
     109.971        0.000      157.918     6064.523
     110.072        0.000      157.918     6064.523
     110.173        0.000      157.918     6064.523
     110.274        0.000      157.918     6064.523
     110.375       19.800      157.918     6064.523
     110.476        0.000      157.918     6064.523
     110.577       39.700      157.918     6064.523
     110.677       89.500      157.922     6064.523
     110.778        9.900      158.180     6064.523
     110.878        0.000      158.180     6064.523
     110.979        0.000      158.180     6064.523
     111.080        0.000      158.180     6064.523
     111.181        0.000      158.180     6064.523
     111.283        0.000      158.180     6064.523
     111.384       29.700      158.191     6064.523
     111.484        0.000      158.191     6064.523
     111.585       39.600      158.203     6064.523
     111.686       49.600      158.234     6064.523
     111.787       69.600      157.980     6064.523
     111.887        0.000      157.980     6064.523
     111.988        0.000      157.980     6064.523
     112.089        0.000      157.980     6064.523
     112.190        0.000      157.980     6064.523
     112.291        0.000      157.980     6064.523
     112.392       19.800      157.984     6064.523
     112.493        0.000      157.984     6064.523
     112.594       29.700      157.984     6064.523
     112.694       49.500      157.984     6064.523
     112.795       49.600      157.984     6064.523
     112.896       19.900      157.984     6064.523
     112.997        0.000      157.984     6064.523
     113.097        0.000      157.984     6064.523
     113.198        0.000      157.984     6064.523
     113.299        0.000      157.984     6064.523
     113.400       19.800      157.988     6064.523
     113.501       19.800      157.988     6064.523
     113.602       29.700      157.988     6064.523
     113.703       39.700      157.992     6064.523
     113.804        9.900      157.992     6064.523
     113.905       59.500      157.992     6064.523
     114.005        0.000      157.992     6064.523
     114.106        0.000      157.992     6064.523
     114.206        0.000      157.992     6064.523
     114.307        0.000      157.992     6064.523
     114.408       29.700      157.992     6064.523
     114.509       19.800      157.992     6064.523
     114.610       29.700      157.992     6064.523
     114.711       39.600      157.992     6064.523
     114.812        9.900      157.992     6064.523
     114.913       39.700      157.992     6064.523
     115.013       29.800      157.992     6064.523
     115.114        0.000      157.992     6064.523
     115.215        0.000      157.992     6064.523
     115.316        0.000      157.992     6064.523
     115.417       19.800      157.992     6064.523
     115.517       29.800      157.996     6064.523
     115.618        0.000      157.996     6064.523
     115.718       39.700      157.996     6064.523
     115.819        9.900      157.996     6064.523
     115.920        0.000      157.996     6064.523
     116.021       69.600      158.254     6064.523
     116.121        0.000      158.254     6064.523
     116.222        0.000      158.254     6064.523
     116.323        0.000      158.254     6064.523
     116.424        9.900      158.254     6064.523
     116.525       29.800      158.254     6064.523
     116.625        9.900      158.254     6064.523
     116.726       39.700      158.254     6064.523
     116.827        9.900      158.254     6064.523
     116.928        0.000      158.254     6064.523
     117.029       19.900      158.254     6064.523
     117.129       29.900      158.000     6064.523
     117.230        0.000      158.000     6064.523
     117.331        0.000      158.000     6064.523
     117.431       19.900      158.000     6064.523
     117.532       39.800      158.000     6064.523
     117.633        0.000      158.000     6064.523
     117.733       49.600      158.000     6064.523
     117.834        9.900      158.000     6064.523
     117.935        0.000      158.000     6064.523
     118.036        0.000      158.000     6064.523
     118.137       59.500      158.004     6064.523
     118.238        0.000      158.004     6064.523
     118.339        0.000      158.004     6064.523
     118.439        9.900      158.004     6064.523
     118.540       39.700      158.004     6064.523
     118.641        9.900      158.004     6064.523
     118.742       29.700      158.004     6064.523
     118.843        9.900      158.004     6064.523
     118.944        0.000      158.004     6064.523
     119.045        0.000      158.004     6064.523
     119.146       19.800      158.004     6064.523
     119.246       49.800      158.004     6064.523
     119.347        0.000      158.004     6064.523
     119.448        9.900      158.004     6064.523
     119.548       39.700      158.004     6064.523
     119.649        0.000      158.004     6064.523
     119.750       39.700      158.004     6064.523
     119.851        0.000      158.004     6064.523
     119.952        0.000      158.004     6064.523
     120.053        0.000      158.004     6064.523
     120.154        0.000      158.004     6064.523
     120.255       59.600      158.262     6064.523
     120.355        0.000      158.262     6064.523
     120.456       19.800      158.262     6064.523
     120.557       49.600      158.262     6064.523
     120.658        0.000      158.266     6064.523
     120.759       39.600      158.270     6064.523
     120.860        9.900      158.270     6064.523
     120.961        0.000      158.270     6064.523
     121.062        0.000      158.270     6064.523
     121.163        0.000      158.270     6064.523
     121.264        0.000      158.270     6064.523
     121.365       79.400      158.383     5768.379
     121.465        9.900      158.352     5752.371
     121.566       19.900      158.090     5608.301
     121.667        0.000      158.074     5600.297
     121.767        9.900      157.777     5448.223
     121.868        9.900      157.656     5360.180
     121.969        0.000      157.641     5352.176
     122.070        0.000      157.641     5352.176
     122.171        0.000      157.641     5352.176
     122.272        0.000      157.641     5352.176
     122.373       49.700      157.723     5336.168
     122.473       89.600      157.262     4679.844
