# Elapsed time   CPU (%)     Real (MB)   Virtual (MB)
       0.000        0.000        8.270       12.633
       0.100      598.000       27.809      363.719
       0.201      338.600       46.242      448.961
       0.301       99.700       59.594      487.703
       0.401       89.700       85.465      517.730
       0.502       89.600      117.434      588.586
       0.602       99.600      124.828      602.664
       0.703       99.600      133.141      630.141
       0.803       99.600      139.328      903.316
       0.904      109.500      139.773      904.004
       1.004       99.600      140.164      904.254
       1.104       89.600      140.418      904.504
       1.205      109.500      140.668      904.754
       1.305       99.600      140.668      904.754
       1.406       99.600      141.227      904.754
       1.506       99.600      141.227      904.754
       1.607       89.600      141.227      904.754
       1.707       99.600      141.457      904.891
       1.807       99.600      141.707      905.168
       1.908       99.500      141.707      905.297
       2.008       99.600      141.949      905.297
       2.109       99.600      141.949      905.297
       2.209       99.600      141.949      905.297
       2.309       99.600      141.949      905.434
       2.410       99.500      141.949      905.566
       2.510       99.500      142.176      905.695
       2.611       99.500      142.176      905.695
       2.711       99.600      142.176      905.695
       2.812       99.600      142.434      905.980
       2.912       99.600      142.691      906.246
       3.013       99.600      142.949      906.504
       3.113       99.600      143.207      906.645
       3.213       99.600      143.207      906.645
       3.314      109.600      143.453     2626.766
       3.414       49.800      143.762     5483.535
       3.515       99.500      144.645     6316.441
       3.615      109.500      146.109     7630.082
       3.716       69.700      147.043     8462.988
       3.816      109.400      148.031     9584.535
       3.917      119.200      149.312    10641.801
       4.018       59.600      150.301    11347.023
       4.118      119.100      151.988    12693.066
       4.219       99.200      153.984    14006.965
       4.320      109.100      155.500    15192.930
       4.421      118.900      157.027    16306.730
       4.522      109.000      158.559    17404.523
       4.623       89.100      159.328    18013.578
       4.724      108.800      160.473    18943.039
       4.825      118.800      162.105    20096.859
       4.926      108.800      163.312    20753.809
       5.027      118.500      164.945    20769.816
       5.128      128.600      168.309    20786.141
       5.229      128.600      172.930    20802.148
       5.331      118.700      175.930    20802.242
       5.432      128.600      180.988    20802.492
       5.533      128.500      186.523    20802.820
       5.634      138.400      191.266    20802.820
       5.735      118.700      193.855    20803.070
       5.836      148.300      201.375    20803.453
       5.937      138.400      206.344    20803.559
       6.038      108.900      207.039    20803.809
       6.139      118.700      208.070    20803.844
       6.241      108.800      208.895    20803.844
       6.342      108.900      210.141    20803.844
       6.443      128.500      211.254    20804.098
       6.544      118.400      211.930    20807.098
       6.645      128.500      212.652    20807.098
       6.747      128.300      213.398    20805.348
       6.848      128.100      214.664    20805.348
       6.950      128.300      215.488    20805.348
       7.051      118.700      215.672    20805.348
       7.152      118.600      215.793    20805.348
       7.253      128.600      216.133    20805.598
       7.354       79.000      216.145    20805.598
       7.455      108.700      216.203    20805.598
       7.556      108.800      216.324    20805.598
       7.658      118.500      216.398    20805.598
       7.759      118.700      216.461    20805.598
       7.860      118.600      216.551    20805.598
       7.961      118.400      216.633    20805.598
       8.062      108.900      216.641    20805.598
       8.163      108.900      216.898    20805.598
       8.264      118.700      216.906    20805.598
       8.365      118.800      216.922    20805.598
       8.466      108.800      216.934    20805.598
       8.568      128.500      216.965    20805.598
       8.669      108.900      217.008    20805.598
       8.770      128.700      217.020    20805.598
       8.871      118.700      217.605    20805.598
       8.972      118.600      218.145    20805.598
       9.073      108.800      218.152    20805.598
       9.174      118.800      218.426    20805.598
       9.275      108.800      218.957    20805.598
       9.376      118.700      219.223    20805.598
       9.477      108.900      219.480    20805.598
       9.578      118.600      220.039    20805.598
       9.680      118.500      220.582    20805.598
       9.781      108.500      220.871    20805.598
       9.882      128.500      221.410    20805.598
       9.983      118.700      221.934    20805.598
      10.084      108.900      221.945    20805.598
      10.185      118.800      222.219    20805.598
      10.286      118.800      222.488    20805.598
      10.387      108.800      223.023    20805.598
      10.488      118.800      223.293    20805.598
      10.589      118.700      223.828    20805.598
      10.691      128.600      224.367    20805.598
      10.792       99.000      224.375    20805.598
      10.893      128.600      225.180    20805.598
      10.994      128.700      225.711    20805.598
      11.095      108.900      225.715    20805.598
      11.196      108.800      225.977    20805.598
      11.297      118.600      226.660    20805.848
      11.398      108.800      226.930    20805.848
      11.499      128.500      227.203    20805.848
      11.601      118.600      227.762    20805.848
      11.702      118.700      228.293    20805.848
      11.803      108.800      228.301    20805.848
      11.904      118.500      229.148    20805.848
      12.005      118.400      229.676    20805.848
      12.106      108.900      229.684    20805.848
      12.207      128.500      230.219    20805.848
      12.309      108.700      230.512    20805.848
      12.410      118.500      230.824    20807.848
      12.511      128.300      231.992    20806.598
      12.613      118.200      234.719    20810.605
      12.714      117.700      236.516    20875.141
      12.816      138.500      239.512    20875.434
      12.917      148.300      239.645    20875.434
      13.018      138.300      239.582    20875.441
      13.119      118.700      239.621    20875.441
      13.220      108.700      239.691    20875.441
      13.322      128.500      239.383    20875.441
      13.423      108.900      239.402    20875.441
      13.524      108.900      239.441    20875.441
      13.625      118.800      239.477    20875.441
      13.726      128.700      239.492    20875.441
      13.827      118.700      239.508    20875.441
      13.928      128.300      239.520    20875.441
      14.029      118.500      239.754    20875.441
      14.130      108.900      239.820    20875.691
      14.232      108.900      239.844    20875.691
      14.333      108.900      239.852    20875.691
      14.434      118.400      239.875    20875.691
      14.535      118.500      239.887    20875.691
      14.636      108.900      239.902    20875.691
      14.737      118.700      239.922    20875.691
      14.838      108.700      239.930    20875.691
      14.940      128.400      239.953    20875.691
      15.041      118.600      239.961    20875.691
      15.142      108.900      239.965    20875.691
      15.243      118.700      239.969    20875.691
      15.344      118.700      239.977    20875.691
      15.445      108.800      239.984    20875.691
      15.546      108.800      240.000    20875.691
      15.647      128.600      240.270    20875.691
      15.748      118.800      240.277    20875.691
      15.849      108.800      240.281    20875.691
      15.951      118.700      240.309    20875.691
      16.052      118.600      240.324    20875.691
      16.153      108.900      240.328    20875.691
      16.254      118.800      240.344    20875.691
      16.355      108.800      240.355    20875.691
      16.456      118.400      240.371    20875.691
      16.557      128.200      240.379    20875.691
      16.659      108.600      240.391    20875.691
      16.760      118.700      240.414    20875.691
      16.861      108.800      240.426    20875.691
      16.962      118.600      240.449    20875.691
      17.064      128.400      240.457    20875.691
      17.165      108.900      240.461    20875.691
      17.266      108.900      240.469    20877.691
      17.367      108.900      240.480    20875.691
      17.468      118.700      240.488    20875.691
      17.569      108.800      240.504    20875.691
      17.670      108.900      240.516    20875.691
      17.771      118.700      240.516    20875.691
      17.872      108.700      240.516    20875.691
      17.973      118.700      241.051    20875.691
      18.074      118.600      241.590    20875.691
      18.176      108.800      241.598    20875.691
      18.277      118.100      242.117    20875.691
      18.378      108.800      242.422    20875.691
      18.479      108.600      242.684    20875.691
      18.581      118.500      243.211    20875.691
      18.682      128.300      243.477    20875.691
      18.783      128.300      243.785    20875.691
      18.885      108.700      244.055    20875.691
      18.986      118.600      244.586    20875.691
      19.087      118.700      245.125    20875.691
      19.188      118.700      245.125    20875.691
      19.289       99.000      245.645    20875.691
      19.390      118.800      245.910    20875.691
      19.491      138.600      246.398    20875.691
      19.592      118.800      246.098    20875.691
      19.693      108.900      246.098    20875.691
      19.794      128.700      246.098    20875.691
      19.895      109.000      246.098    20875.691
      19.996      118.800      246.102    20875.691
      20.097      118.800      246.102    20875.691
      20.198       98.900      246.102    20875.691
      20.299      108.900      246.105    20875.691
      20.400      118.700      246.105    20875.691
      20.501      118.700      246.105    20875.691
      20.602      118.700      246.105    20875.691
      20.703      118.700      246.125    20875.691
      20.805      118.700      246.141    20875.691
      20.906      118.600      246.145    20875.691
      21.007      118.500      246.145    20875.691
      21.108      118.600      246.156    20875.691
      21.209      108.900      246.156    20875.691
      21.310      128.600      246.164    20875.691
      21.411      108.700      246.168    20875.691
      21.513      118.500      246.168    20875.691
      21.614      108.700      246.180    20875.691
      21.715      118.600      246.184    20875.691
      21.816      118.700      246.188    20875.691
      21.917      118.600      246.188    20875.691
      22.018      118.700      246.203    20875.691
      22.120      118.600      246.207    20875.691
      22.221      108.900      246.207    20875.691
      22.322      128.600      246.469    20875.691
      22.423      108.700      246.473    20875.691
      22.524      108.900      246.484    20875.691
      22.625      118.800      246.488    20875.691
      22.726      118.800      246.488    20875.691
      22.827      118.700      246.492    20875.691
      22.928      118.700      246.500    20875.691
      23.029      118.700      246.504    20875.691
      23.130      118.800      246.512    20875.691
      23.231      108.700      246.512    20875.691
      23.332      118.700      246.516    20875.691
      23.433      118.800      246.523    20875.691
      23.535      118.700      246.539    20875.691
      23.636      108.900      246.543    20875.691
      23.737      128.600      246.551    20875.691
      23.838      108.800      246.578    20875.691
      23.939      108.900      246.578    20875.691
      24.040      128.600      246.590    20875.691
      24.141      118.800      246.613    20875.691
      24.242      108.900      246.613    20875.691
      24.343      118.800      246.625    20875.691
      24.444      118.800      246.629    20875.691
      24.545      108.800      246.637    20875.691
      24.646      118.700      246.637    20875.691
      24.747      118.600      246.637    20875.691
      24.848      118.700      246.656    20875.691
      24.950      118.700      246.656    20875.691
      25.051      118.700      246.914    20875.691
      25.152      118.800      247.188    20875.691
      25.253      109.000      247.449    20875.691
      25.354      118.900      247.988    20875.691
      25.455      108.800      247.996    20875.691
      25.556      108.900      248.527    20875.691
      25.657      118.900      248.785    20875.691
      25.758      118.700      249.051    20875.691
      25.859      118.700      249.590    20875.691
      25.960      118.700      249.852    20875.691
      26.061      108.700      250.375    20875.691
      26.162      128.500      250.914    20875.691
      26.263      118.800      250.914    20875.691
      26.364      118.800      250.914    20875.691
      26.466      118.500      250.918    20875.691
      26.567      118.700      250.918    20875.691
      26.668      128.500      250.918    20875.691
      26.769      128.600      250.922    20875.691
      26.870      128.600      250.926    20875.691
      26.971      118.700      250.926    20875.691
      27.072      128.500      250.930    20875.691
      27.173      118.600      250.938    20875.691
      27.275      108.800      250.938    20875.691
      27.376      128.500      250.941    20875.691
      27.477      108.700      250.941    20875.691
      27.578      118.600      250.945    20875.691
      27.679      118.800      250.945    20875.691
      27.780      118.700      250.949    20875.691
      27.881      118.700      250.949    20875.691
      27.982      108.800      250.957    20875.691
      28.083      128.600      250.961    20875.691
      28.185      108.800      250.961    20875.691
      28.286      108.900      250.961    20875.691
      28.387      128.700      250.973    20875.691
      28.488      108.900      250.973    20875.691
      28.589      118.700      250.977    20875.691
      28.690      108.800      250.977    20875.691
      28.791      128.600      250.980    20875.691
      28.892      108.900      250.988    20875.691
      28.993      118.700      250.992    20875.691
      29.094      118.600      251.004    20875.691
      29.195      118.700      251.016    20875.691
      29.296      108.900      251.016    20875.691
      29.397      128.500      251.273    20875.691
      29.499      108.400      251.273    20875.691
      29.600      108.700      251.273    20875.691
      29.701      118.600      251.277    20875.691
      29.802      108.700      251.289    20875.691
      29.904      128.600      251.805    20875.691
      30.005      108.800      252.062    20875.691
      30.106      118.800      252.582    20875.691
      30.207      118.700      253.113    20875.691
      30.308      108.700      253.129    20875.691
      30.409      128.500      253.648    20875.691
      30.510      108.800      253.918    20875.691
      30.611      118.700      254.434    20875.691
      30.712      118.500      254.695    20875.691
      30.814      127.900      254.707    20875.691
      30.916      118.300      255.230    20875.691
      31.017      118.600      255.496    20875.691
      31.118      118.500      256.023    20875.691
      31.219      108.600      256.285    20875.691
      31.320      118.700      256.543    20875.691
      31.422      108.800      257.078    20875.691
      31.523      118.800      257.336    20875.691
      31.624      118.800      257.594    20875.691
      31.725      118.700      257.852    20875.691
      31.826      118.700      258.371    20875.691
      31.927      118.600      258.906    20875.691
      32.028      118.600      259.176    20875.691
      32.129      118.700      259.695    20875.691
      32.230      118.600      259.969    20875.691
      32.332      108.700      260.227    20875.691
      32.433      118.700      260.746    20875.691
      32.534      118.800      261.012    20875.691
      32.635      128.700      261.527    20875.691
      32.736      138.300      261.285    20875.691
      32.838      128.100      261.289    20875.691
      32.939      128.500      261.293    20875.691
      33.040      118.700      261.297    20875.691
      33.141      128.300      261.305    20875.691
      33.243      118.500      261.312    20875.691
      33.344      128.700      261.312    20875.691
      33.445      128.600      261.312    20875.691
      33.546      118.600      261.312    20875.691
      33.647      128.600      261.316    20875.691
      33.748      118.600      261.316    20875.691
      33.849      108.600      261.336    20875.941
      33.950      118.700      261.348    20875.941
      34.052      108.800      261.359    20875.941
      34.153      128.300      261.363    20875.941
      34.254      118.400      261.371    20875.941
      34.355      108.800      261.371    20875.941
      34.456      128.600      261.375    20875.941
      34.557      118.600      261.383    20875.941
      34.659      108.700      261.383    20875.941
      34.760      108.700      261.391    20875.941
      34.861      118.500      261.422    20875.941
      34.962      118.500      261.434    20875.941
      35.064      108.000      261.441    20875.941
      35.166      118.200      261.445    20875.941
      35.267      118.400      261.465    20875.941
      35.368      108.600      261.465    20875.941
      35.470      118.400      261.488    20875.941
      35.571      118.400      261.504    20875.941
      35.672      108.800      261.508    20875.941
      35.773      118.700      261.527    20875.941
      35.874      118.500      261.793    20875.941
      35.976      118.500      261.801    20875.941
      36.077      108.600      261.809    20875.941
      36.178      118.700      261.828    20875.941
      36.279      118.700      261.836    20875.941
      36.380      108.700      261.828    20875.941
      36.482      118.700      262.094    20875.941
      36.583      118.700      262.367    20875.941
      36.684      118.700      262.629    20875.941
      36.785      108.800      263.156    20875.941
      36.886      118.600      263.422    20875.941
      36.987      128.500      263.684    20875.941
      37.088      108.800      264.203    20875.941
      37.189      118.700      264.469    20875.941
      37.290      118.800      264.996    20875.941
      37.391      108.900      265.262    20875.941
      37.493      128.600      265.785    20875.941
      37.594      108.500      266.062    20875.941
      37.695      108.800      266.320    20875.941
      37.796      118.000      266.586    20875.941
      37.898      127.900      267.121    20875.941
      37.999      108.800      267.645    20875.941
      38.101      108.700      267.902    20875.941
      38.202      118.500      268.418    20875.941
      38.303      118.700      268.680    20875.941
      38.404      118.700      268.938    20875.941
      38.505      118.500      269.723    20875.941
      38.606      118.600      269.723    20875.941
      38.708      118.600      270.246    20875.941
      38.809      108.900      270.516    20875.941
      38.910      108.800      270.777    20875.941
      39.011      118.700      271.297    20875.941
      39.112      118.700      271.559    20875.941
      39.213      118.700      272.082    20939.941
      39.314      118.500      272.602    20939.941
      39.415      118.600      272.859    20939.941
      39.517      118.700      273.141    20939.941
      39.618      108.800      273.402    20939.941
      39.719      128.600      274.176    20939.941
      39.820      138.500      273.953    20939.941
      39.921      118.700      273.961    20939.941
      40.022      118.700      273.961    20939.941
      40.123      118.500      273.965    20939.941
      40.225      128.300      273.965    20939.941
      40.326      108.700      273.977    20939.941
      40.427      128.800      273.977    20939.941
      40.528      118.500      273.980    20939.941
      40.629      128.000      273.984    20939.941
      40.731      118.400      273.988    20939.941
      40.832      108.900      273.992    20939.941
      40.933      118.700      273.996    20939.941
      41.034      128.600      274.000    20939.941
      41.135      118.700      274.008    20939.941
      41.236      108.700      274.008    20939.941
      41.338      118.600      274.023    20939.941
      41.439      108.800      274.023    20939.941
      41.540      118.800      274.027    20939.941
      41.641      108.900      274.031    20939.941
      41.742      118.700      274.031    20939.941
      41.843      118.700      274.031    20939.941
      41.944      108.800      274.039    20939.941
      42.045      128.700      274.051    20939.941
      42.146      118.700      274.055    20939.941
      42.247      108.800      274.055    20939.941
      42.348      118.700      274.078    20939.941
      42.449      118.700      274.086    20939.941
      42.550      118.700      274.098    20939.941
      42.652      108.800      274.113    20939.941
      42.753      108.700      274.113    20939.941
      42.854      118.600      274.117    20939.941
      42.955      118.700      274.137    20939.941
      43.056      118.700      274.141    20939.941
      43.157      118.600      274.148    20939.941
      43.258      108.800      274.152    20939.941
      43.360      118.600      274.160    20939.941
      43.461      118.600      274.164    20939.941
      43.562      118.600      274.172    20939.941
      43.663      108.800      274.180    20939.941
      43.764      118.800      274.184    20939.941
      43.865      108.800      274.191    20939.941
      43.966      118.700      274.195    20939.941
      44.067      118.700      274.211    20939.941
      44.168      118.700      274.215    20939.941
      44.269      108.900      274.219    20939.941
      44.370      118.700      274.477    20939.941
      44.472      118.700      274.738    20939.941
      44.573      108.800      275.258    20939.941
      44.674      118.700      275.781    20939.941
      44.775      108.800      276.043    20939.941
      44.876      118.800      276.309    20939.941
      44.977      118.800      276.828    20939.941
      45.078      118.600      277.117    20939.941
      45.179      108.700      277.641    20939.941
      45.280      118.500      277.898    20939.941
      45.382      118.700      278.176    20939.941
      45.483      118.300      278.449    20939.941
      45.584      108.400      278.973    20939.941
      45.686      118.500      279.496    20939.941
      45.787      118.700      279.770    20939.941
      45.888      108.800      280.027    20939.941
      45.989      128.600      280.555    20939.941
      46.090      108.800      280.824    20939.941
      46.191      128.400      281.344    20939.941
      46.293      108.600      281.344    20939.941
      46.394      118.600      281.867    20939.941
      46.495      118.700      282.129    20939.941
      46.596      118.600      282.402    20939.941
      46.697      108.800      282.926    20939.941
      46.798      118.800      283.188    20939.941
      46.899      118.700      283.449    20939.941
      47.001      138.200      283.977    20939.941
      47.102      138.400      283.758    20939.941
      47.203      118.800      283.766    20939.941
      47.304      118.700      283.766    20939.941
      47.405      118.700      283.770    20939.941
      47.506      128.600      283.770    20939.941
      47.607      128.300      283.781    20939.941
      47.709      118.400      283.781    20939.941
      47.810      128.700      283.785    20939.941
      47.911       99.000      283.785    20939.941
      48.012      108.900      283.797    20939.941
      48.113      128.600      284.059    20940.191
      48.214      108.700      284.074    20940.191
      48.315      108.700      284.082    20940.191
      48.416      118.800      284.082    20940.191
      48.517      128.600      284.086    20940.191
      48.618       98.900      284.086    20940.191
      48.720      118.700      284.086    20940.191
      48.821      118.700      284.090    20940.191
      48.922      108.800      284.102    20940.191
      49.023      128.600      284.105    20940.191
      49.124      108.800      284.113    20940.191
      49.225      118.800      284.125    20940.191
      49.326      108.800      284.145    20940.191
      49.427      118.600      284.156    20940.191
      49.528      118.700      284.156    20940.191
      49.629      128.500      284.164    20940.191
      49.731      108.700      284.164    20940.191
      49.832      118.700      284.172    20940.191
      49.933      118.000      284.172    20940.191
      50.035      108.800      284.188    20940.191
      50.136      118.800      284.188    20940.191
      50.237      108.800      284.191    20940.191
      50.338      118.700      284.195    20940.191
      50.439      109.000      284.199    20940.191
      50.540      118.700      284.203    20940.191
      50.641      118.700      284.211    20940.191
      50.742      118.700      284.215    20940.191
      50.843      108.800      284.223    20940.191
      50.944      118.700      284.223    20940.191
      51.045      118.600      284.234    20940.191
      51.147      108.800      284.758    20940.191
      51.247      108.900      285.027    20940.191
      51.349      108.800      285.551    20940.191
      51.450      108.900      285.816    20940.191
      51.551      108.800      285.820    20940.191
      51.652      128.500      286.598    20940.191
      51.753      108.700      286.859    20940.191
      51.854      108.600      287.117    20940.191
      51.955      128.800      287.645    20940.191
      52.056      118.800      287.922    20940.191
      52.157      108.900      288.441    20940.191
      52.258      118.800      288.703    20940.191
      52.359      108.900      289.219    20940.191
      52.460      118.800      289.480    20940.191
      52.561      118.600      289.738    20940.191
      52.663      118.500      290.258    20940.191
      52.764      118.800      290.531    20940.191
      52.865      108.800      290.793    20940.191
      52.966      118.700      291.309    20940.191
      53.067      118.500      291.582    20940.191
      53.169      108.600      292.109    20940.191
      53.270      118.700      292.375    20940.191
      53.371      118.600      292.895    20940.191
      53.472      118.700      293.168    20940.191
      53.573      108.800      293.438    20940.191
      53.674      118.700      293.969    20940.191
      53.775      108.900      294.480    20940.191
      53.876      118.700      294.738    20940.191
      53.977      118.600      294.996    20940.191
      54.078      118.800      295.523    20940.191
      54.179      118.600      295.789    20940.191
      54.281      138.400      295.992    20940.191
      54.382      138.600      295.832    20940.191
      54.483      118.800      295.855    20940.191
      54.584      128.600      295.855    20940.191
      54.685      117.900      295.867    20940.191
      54.787      108.500      295.875    20940.191
      54.888      118.800      295.879    20940.191
      54.989      118.700      295.883    20940.191
      55.090      118.600      295.887    20940.191
      55.192      118.400      295.891    20940.191
      55.293      118.800      295.891    20940.191
      55.394      108.900      295.895    20940.191
      55.495      118.700      296.164    20940.191
      55.596       98.500      296.172    20940.191
      55.698      118.100      296.176    20940.191
      55.799      108.800      296.180    20940.191
      55.900      108.800      296.184    20940.191
      56.001      128.700      296.188    20940.191
      56.102      108.700      296.191    20940.191
      56.203      118.500      296.195    20940.191
      56.305      108.800      296.203    20940.191
      56.406      128.700      296.207    20940.191
      56.507      108.700      296.223    20940.191
      56.608      118.600      296.227    20940.191
      56.709      118.700      296.234    20940.191
      56.810      118.700      296.242    20940.191
      56.911      118.800      296.246    20940.191
      57.012      108.900      296.281    20940.441
      57.113      108.800      296.289    20940.441
      57.214      118.600      296.301    20940.441
      57.315      108.800      296.301    20940.441
      57.417      108.800      296.305    20940.441
      57.518      118.600      296.312    20940.441
      57.619      108.800      296.316    20940.441
      57.720      118.600      296.324    20940.441
      57.821      108.700      296.324    20940.441
      57.922      118.800      296.324    20940.441
      58.023      108.900      296.344    20940.441
      58.124      118.700      296.348    20940.441
      58.225      118.800      296.352    20940.441
      58.326      108.800      296.355    20940.441
      58.428      118.700      296.355    20940.441
      58.529      118.700      296.359    20940.441
      58.630      108.900      296.363    20940.441
      58.731      118.700      296.371    20940.441
      58.832      128.600      296.637    20940.441
      58.933      108.800      297.156    20940.441
      59.034      118.800      297.426    20940.441
      59.135      118.700      297.945    20940.441
      59.236      118.700      298.207    20940.441
      59.337      118.700      298.738    20940.441
      59.438      108.900      298.996    20940.441
      59.539      118.700      299.273    20940.441
      59.641      118.700      299.531    20940.441
      59.742      118.700      300.055    20940.441
      59.843      108.800      300.316    20940.441
      59.944      118.700      300.840    20940.441
      60.045      118.500      301.109    20940.441
      60.146      118.500      301.629    20940.441
      60.248      118.500      301.906    20940.441
      60.349      108.800      302.453    20940.441
      60.450      108.700      302.723    20940.441
      60.551      128.700      303.238    21004.441
      60.652      108.800      303.496    21004.441
      60.753      128.600      304.016    21004.441
      60.854      108.600      304.277    21004.441
      60.955      118.700      304.535    21004.441
      61.057      118.700      305.062    21004.441
      61.158      108.700      305.320    21004.441
      61.259      118.700      305.836    21004.441
      61.360      128.500      306.102    21004.441
      61.461      108.800      306.621    21004.441
      61.562      118.600      306.879    21004.441
      61.663      108.600      307.141    21004.441
      61.765      118.600      307.672    21004.441
      61.866      118.600      307.930    21004.441
      61.967      128.700      308.195    21004.441
      62.068      148.200      308.457    21004.441
      62.169      128.300      308.250    21004.441
      62.270      118.700      308.258    21004.441
      62.372      118.500      308.262    21004.441
      62.473      118.700      308.266    21004.441
      62.574      128.700      308.270    21004.441
      62.675      118.700      308.270    21004.441
      62.776      118.500      308.535    21004.441
      62.878      118.500      308.547    21004.441
      62.979      128.700      308.555    21004.441
      63.080      118.500      308.559    21004.441
      63.181      128.300      308.559    21004.441
      63.282      108.900      308.559    21004.441
      63.383      118.700      308.574    21004.441
      63.484       98.900      308.578    21004.441
      63.585      118.800      308.578    21004.441
      63.687      108.900      308.582    21004.441
      63.788      118.800      308.590    21004.441
      63.889      128.600      308.602    21004.441
      63.990       98.800      308.605    21004.441
      64.091      128.600      308.609    21004.441
      64.192      118.600      308.633    21004.441
      64.293      118.400      308.645    21004.441
      64.394      108.800      308.648    21004.441
      64.496      118.600      308.648    21004.441
      64.597      118.500      308.648    21004.441
      64.698      108.600      308.648    21004.441
      64.799      118.600      308.656    21004.441
      64.900      118.700      308.656    21004.441
      65.001      118.700      308.656    21004.441
      65.102      108.800      308.656    21004.441
      65.204      128.500      308.676    21004.441
      65.305      108.800      308.680    21004.441
      65.406      118.800      308.680    21004.441
      65.507      118.800      308.688    21004.441
      65.608      108.800      308.699    21004.441
      65.709      118.700      308.719    21004.441
      65.810      118.800      308.727    21004.441
      65.911      108.800      308.734    21004.441
      66.012      118.700      309.008    21004.441
      66.113      118.700      309.266    21004.441
      66.214      118.700      310.059    21004.441
      66.315      118.700      310.316    21004.441
      66.416      108.800      310.594    21004.441
      66.518      118.800      311.113    21004.441
      66.619      118.600      311.371    21004.441
      66.720      108.700      311.637    21004.441
      66.821      118.500      312.152    21004.441
      66.922      128.400      312.414    21004.441
      67.024      108.800      312.949    21004.441
      67.125      118.700      313.211    21004.441
      67.226      118.800      313.727    21004.441
      67.327      108.700      313.984    21004.441
      67.428      128.500      314.512    21004.441
      67.529      118.800      314.770    21004.441
      67.630      118.100      315.043    21004.441
      67.732      108.600      315.309    21004.441
      67.833      118.400      315.820    21004.441
      67.935      117.900      316.078    21004.441
      68.036      108.700      316.336    21004.441
      68.137      118.700      316.852    21004.441
      68.238      118.700      317.371    21004.441
      68.339      108.900      317.629    21004.441
      68.440      118.700      317.887    21004.441
      68.542      118.700      318.410    21004.441
      68.643      118.600      318.676    21004.441
      68.744      108.700      319.215    21004.441
      68.845      118.700      319.477    21004.441
      68.946      118.800      319.746    21004.441
      69.047      108.900      319.746    21004.441
      69.148      118.800      320.004    21004.441
      69.249      108.900      320.520    21004.441
      69.350      108.900      320.777    21004.441
      69.451      118.800      321.301    21004.441
      69.552      118.800      321.820    21004.441
      69.653      108.900      322.090    21004.441
      69.754      118.800      322.352    21004.441
      69.855      108.800      322.867    21004.441
      69.957      108.800      323.383    21004.441
      70.058      128.700      323.176    21004.441
      70.159      118.600      323.176    21004.441
      70.260      128.400      323.188    21004.441
      70.361      118.500      323.188    21004.441
      70.462      118.800      323.199    21004.441
      70.563      108.900      323.207    21004.441
      70.664      118.400      323.211    21004.441
      70.766      128.300      323.215    21004.441
      70.867      108.400      323.223    21004.441
      70.969      128.200      323.332    21004.441
      71.070      108.700      323.367    21004.691
      71.171      118.800      323.375    21004.691
      71.272      108.800      323.379    21004.691
      71.373      128.600      323.383    21004.691
      71.474      108.900      323.387    21004.691
      71.575      118.700      323.387    21004.691
      71.676      108.800      323.387    21004.691
      71.778      118.600      323.391    21004.691
      71.879      118.500      323.410    21004.691
      71.980      118.600      323.414    21004.691
      72.081      108.700      323.418    21004.691
      72.182      128.500      323.422    21004.691
      72.283      118.700      323.430    21004.691
      72.385      108.800      323.430    21004.691
      72.486      118.700      323.434    21004.691
      72.587      108.800      323.445    21004.691
      72.688      118.700      323.445    21004.691
      72.789      118.600      323.449    21004.691
      72.890      118.600      323.449    21004.691
      72.991      118.600      323.449    21004.691
      73.092      108.900      323.449    21004.691
      73.193      118.800      323.453    21004.691
      73.295      118.600      323.457    21004.691
      73.396      118.600      323.465    21004.691
      73.497      118.700      323.465    21004.691
      73.598      108.800      323.480    21004.691
      73.699      108.800      323.484    21004.691
      73.800      118.600      323.492    21004.691
      73.901      118.700      323.742    21004.691
      74.002      118.600      324.258    21004.691
      74.104      108.700      324.258    21004.691
      74.205      118.700      324.520    21004.691
      74.306      118.800      325.047    21004.691
      74.407      118.700      325.562    21004.691
      74.508      108.800      325.836    21004.691
      74.609      118.800      326.359    21004.691
      74.710      118.800      326.621    21004.691
      74.811      118.600      327.152    21004.691
      74.912      118.800      327.414    21004.691
      75.013      118.700      327.938    21004.691
      75.114      108.800      327.938    21004.691
      75.215      108.900      328.457    21004.691
      75.316      128.500      328.977    21004.691
      75.418      118.600      329.238    21004.691
      75.519      118.800      329.500    21004.691
      75.620      108.800      330.020    21004.691
      75.721      118.800      330.277    21004.691
      75.822      118.600      330.816    21004.691
      75.923      118.600      331.082    21004.691
      76.024      118.400      331.617    21004.691
      76.126       98.800      331.875    21004.691
      76.227      118.700      332.145    21004.691
      76.328      118.500      332.676    21004.691
      76.430      108.400      332.941    21004.691
      76.531      128.300      333.465    21004.691
      76.632      118.300      333.730    21068.691
      76.734      108.700      333.992    21068.691
      76.835      118.600      334.516    21068.691
      76.936      118.600      335.035    21068.691
      77.037      118.600      335.309    21068.691
      77.138       98.800      335.566    21068.691
      77.240      118.600      335.824    21068.691
      77.341      128.600      336.348    21068.691
      77.442      118.700      336.609    21068.691
      77.543      108.700      337.125    21068.691
      77.644      118.600      337.391    21068.691
      77.745      118.700      337.648    21068.691
      77.846      118.700      338.168    21068.691
      77.947      108.800      338.426    21068.691
      78.049      128.500      338.941    21068.691
      78.150      128.700      339.465    21068.691
      78.251      148.200      339.730    21068.691
      78.352      118.400      339.250    21068.691
      78.453      128.500      339.262    21068.691
      78.554      118.700      339.266    21068.691
      78.655      118.800      339.266    21068.691
      78.756      128.600      339.270    21068.691
      78.858      118.600      339.270    21068.691
      78.959      118.600      339.270    21068.691
      79.060      118.700      339.273    21068.691
      79.161      118.500      339.273    21068.691
      79.262      128.400      339.277    21068.691
      79.364      128.300      339.285    21068.691
      79.465       98.900      339.285    21068.691
      79.566      128.600      339.293    21068.691
      79.667      108.300      339.297    21068.691
      79.769      108.700      339.301    21068.691
      79.870      118.800      339.305    21068.691
      79.971      118.700      339.316    21068.691
      80.072      108.800      339.324    21068.691
      80.173      118.700      339.324    21068.691
      80.274      118.400      339.324    21068.691
      80.375      118.500      339.344    21068.691
      80.477      108.800      339.344    21068.691
      80.578      118.400      339.355    21068.691
      80.679      118.200      339.355    21068.691
      80.780      108.900      339.363    21068.691
      80.881      128.600      339.363    21068.691
      80.983      108.800      339.375    21068.691
      81.084      128.700      339.375    21068.691
      81.185      108.800      339.379    21068.691
      81.286      108.800      339.383    21068.691
      81.387      118.600      339.391    21068.691
      81.488      108.500      339.395    21068.691
      81.590      118.500      339.398    21068.691
      81.691      108.500      339.406    21068.691
      81.792      118.400      339.410    21068.691
      81.894      108.700      339.418    21068.691
      81.995      118.300      339.680    21068.691
      82.096      108.700      340.203    21068.691
      82.197      118.700      340.211    21068.691
      82.298      118.500      340.742    21068.691
      82.400      108.700      341.000    21068.691
      82.501      118.700      341.262    21068.691
      82.602      118.700      341.781    21068.691
      82.703      118.700      342.055    21068.691
      82.804      118.700      342.570    21068.691
      82.905      118.600      342.852    21068.691
      83.006      108.700      343.375    21068.691
      83.108      108.800      343.633    21068.691
      83.209      108.800      343.902    21068.691
      83.310      118.700      344.426    21068.691
      83.411      118.800      344.691    21068.691
      83.512       99.000      344.949    21068.691
      83.613      118.800      345.465    21068.691
      83.714      118.900      345.727    21068.691
      83.815      108.900      346.250    21068.691
      83.916      108.800      346.777    21068.691
      84.017       98.900      347.051    21068.691
      84.118      108.800      347.324    21068.691
      84.219      118.800      347.582    21068.691
      84.320      108.800      347.852    21068.691
      84.421      128.600      348.113    21068.691
      84.522       99.100      348.371    21068.691
      84.623      128.300      349.148    21068.691
      84.725      108.700      349.406    21068.691
      84.826      118.700      349.664    21068.691
      84.927      118.600      350.184    21068.691
      85.028      118.600      350.809    21068.941
      85.129      118.400      351.070    21068.941
      85.230      108.600      351.332    21068.941
      85.332      118.400      351.852    21068.941
      85.433      118.400      352.113    21068.941
      85.534      108.600      352.375    21068.941
      85.636      118.500      352.898    21068.941
      85.737      118.700      353.168    21068.941
      85.838      108.800      353.703    21068.941
      85.939      118.600      353.965    21068.941
      86.040      118.600      354.500    21068.941
      86.141      108.900      355.020    21068.941
      86.242      118.700      355.023    21068.941
      86.344      118.700      355.539    21068.941
      86.445      138.400      356.059    21068.941
      86.546      148.200      355.809    21068.941
      86.647      118.700      355.809    21068.941
      86.748      128.700      355.809    21068.941
      86.849      118.800      355.816    21068.941
      86.950      118.600      355.816    21068.941
      87.052      128.400      355.824    21068.941
      87.153      118.600      355.824    21068.941
      87.254      118.600      355.824    21068.941
      87.355      128.500      355.828    21068.941
      87.456      118.700      355.836    21068.941
      87.557      118.700      355.840    21068.941
      87.658      118.800      355.840    21068.941
      87.759      108.800      355.840    21068.941
      87.860      128.600      355.840    21068.941
      87.962      108.700      355.844    21068.941
      88.063      128.500      355.848    21068.941
      88.164      108.700      355.855    21068.941
      88.265      108.800      355.855    21068.941
      88.366      128.400      355.871    21068.941
      88.467      118.700      355.883    21068.941
      88.568      108.900      355.887    21068.941
      88.669      118.800      355.891    21068.941
      88.770       98.900      355.895    21068.941
      88.872      128.600      355.910    21068.941
      88.973      108.700      355.918    21068.941
      89.074      118.600      355.930    21068.941
      89.175      118.700      355.930    21068.941
      89.276      108.800      355.934    21068.941
      89.377      128.600      355.938    21068.941
      89.478      118.700      355.945    21068.941
      89.579      108.800      355.949    21068.941
      89.681      118.700      356.215    21068.941
      89.782      108.800      356.215    21068.941
      89.883      118.700      356.219    21068.941
      89.984      118.700      356.219    21068.941
      90.085      118.800      356.230    21068.941
      90.186      118.800      356.230    21068.941
      90.287      108.800      356.234    21068.941
      90.388      128.500      356.238    21068.941
      90.489      118.700      356.242    21068.941
      90.590      108.900      356.504    21068.941
      90.691      128.300      356.770    21068.941
      90.793      108.500      357.031    21068.941
      90.894      118.700      357.555    21068.941
      90.995      118.700      357.816    21068.941
      91.096      118.600      358.332    21068.941
      91.197      128.500      358.855    21068.941
      91.299       98.900      358.855    21068.941
      91.400      128.500      359.367    21068.941
      91.501      108.700      359.887    21068.941
      91.602      108.800      359.891    21068.941
      91.703      138.400      360.406    21068.941
      91.805      108.600      360.664    21068.941
      91.906      118.600      361.180    21068.941
      92.007      108.500      361.695    21068.941
      92.109      128.200      361.961    21068.941
      92.210      108.600      362.484    21068.941
      92.312      117.500      362.504    21068.941
      92.414      118.000      363.293    21068.941
      92.515      118.600      363.562    21068.941
      92.616       98.800      363.820    21068.941
      92.717      128.500      364.082    21132.941
      92.819      108.800      364.598    21132.941
      92.920      118.700      364.859    21132.941
      93.021      118.600      365.383    21132.941
      93.122      118.800      365.902    21132.941
      93.223      108.800      366.434    21132.941
      93.324      118.700      366.434    21132.941
      93.425      118.700      366.961    21132.941
      93.526      108.800      367.219    21132.941
      93.627      118.500      367.477    21132.941
      93.729      118.500      367.734    21132.941
      93.830      108.900      368.258    21132.941
      93.931      118.700      368.520    21132.941
      94.032      118.700      369.055    21132.941
      94.133      118.600      369.574    21132.941
      94.234      118.600      370.090    21132.941
      94.336      108.700      370.090    21132.941
      94.437      108.800      370.605    21132.941
      94.538      128.500      371.121    21132.941
      94.639       99.000      371.121    21132.941
      94.740      118.800      371.637    21132.941
      94.841      118.300      371.902    21132.941
      94.942      148.300      372.418    21132.941
      95.044      128.500      371.906    21132.941
      95.145      118.400      371.922    21132.941
      95.246      128.100      371.922    21132.941
      95.348      108.800      371.922    21132.941
      95.449      118.800      371.922    21132.941
      95.550      128.600      371.922    21132.941
      95.651      118.600      371.922    21132.941
      95.752      128.400      371.934    21132.941
      95.853      118.600      371.938    21132.941
      95.954      108.900      371.945    21132.941
      96.055      118.700      371.949    21132.941
      96.156      108.900      371.949    21132.941
      96.257      118.800      371.949    21132.941
      96.358      108.900      371.949    21132.941
      96.459      118.800      371.969    21132.941
      96.560      118.800      371.977    21132.941
      96.661       99.000      371.980    21132.941
      96.762      118.800      372.102    21132.941
      96.863      118.800      372.121    21132.941
      96.965       89.100      372.137    21132.941
      97.066      108.900      372.141    21132.941
      97.167      128.500      372.406    21132.941
      97.268      118.600      372.414    21132.941
      97.369       99.000      372.414    21132.941
      97.470      128.700      372.438    21132.941
      97.571      118.600      372.438    21132.941
      97.672      108.700      372.438    21132.941
      97.773      118.700      372.438    21132.941
      97.875      118.600      372.438    21132.941
      97.976      118.700      372.496    21132.941
      98.077      108.600      372.539    21133.191
      98.178      118.400      372.543    21133.191
      98.280      118.400      372.547    21133.191
      98.381      108.700      372.547    21133.191
      98.482      118.600      372.547    21133.191
      98.583      118.500      372.555    21133.191
      98.685      108.700      372.555    21133.191
      98.786      108.800      372.562    21133.191
      98.887      118.500      372.570    21133.191
      98.988      128.600      372.832    21133.191
      99.089      108.800      373.367    21133.191
      99.190      128.500      373.625    21133.191
      99.291      108.800      374.402    21133.191
      99.392      118.700      374.402    21133.191
      99.493      118.800      374.672    21133.191
      99.595      118.600      375.453    21133.191
      99.696      108.700      375.473    21133.191
      99.797      128.500      375.730    21133.191
      99.898      108.700      376.254    21133.191
      99.999      118.700      376.781    21133.191
     100.100      108.800      377.051    21133.191
     100.201      118.600      377.566    21133.191
     100.303      128.400      378.102    21133.191
     100.404      108.800      378.102    21133.191
     100.505      118.800      378.617    21133.191
     100.606      118.600      379.145    21133.191
     100.707      118.600      379.145    21133.191
     100.808      118.700      379.672    21133.191
     100.909      108.800      379.934    21133.191
     101.011      118.700      380.457    21133.191
     101.112      118.700      380.715    21133.191
     101.213      128.700      381.234    21133.191
     101.314      118.500      381.754    21133.191
     101.415      108.900      381.758    21133.191
     101.516      118.700      382.285    21133.191
     101.617      118.600      382.809    21133.191
     101.718      108.800      383.070    21133.191
     101.819      128.500      383.340    21133.191
     101.921      108.800      383.598    21133.191
     102.022      118.700      384.117    21133.191
     102.123      118.800      384.375    21133.191
     102.224      118.700      384.898    21133.191
     102.325      118.700      385.414    21133.191
     102.426      108.700      385.414    21133.191
     102.527      128.700      385.938    21133.191
     102.628      108.700      386.457    21133.191
     102.729      128.500      386.715    21133.191
     102.830      118.600      386.984    21133.191
     102.932      108.700      387.508    21133.191
     103.033      128.600      388.027    21133.191
     103.134      108.800      388.289    21133.191
     103.235      108.800      388.547    21133.191
     103.336      138.400      389.340    21133.191
     103.437      138.300      389.367    21133.191
     103.539      118.600      389.367    21133.191
     103.640      128.200      389.367    21133.191
     103.741      118.300      389.367    21133.191
     103.843      118.500      389.375    21133.191
     103.944      118.600      389.375    21133.191
     104.045      128.400      389.379    21133.191
     104.146      128.400      389.379    21133.191
     104.247      118.500      389.383    21133.191
     104.349      128.500      389.391    21133.191
     104.450      108.900      389.391    21133.191
     104.551      118.700      389.398    21133.191
     104.652      128.500      389.406    21133.191
     104.753      108.800      389.406    21133.191
     104.854      118.600      389.410    21133.191
     104.956      118.500      389.410    21133.191
     105.057      118.600      389.414    21133.191
     105.158      118.700      389.418    21133.191
     105.259      118.500      389.430    21133.191
     105.360      118.600      389.438    21133.191
     105.462      108.800      389.438    21133.191
     105.563      118.600      389.445    21133.191
     105.664      128.600      389.449    21133.191
     105.765      108.800      389.453    21133.191
     105.866      118.700      389.457    21133.191
     105.967      118.600      389.473    21133.191
     106.068      118.700      389.477    21133.191
     106.169      118.700      389.480    21133.191
     106.270      108.600      389.484    21133.191
     106.372      118.500      389.496    21133.191
     106.473      108.800      389.496    21133.191
     106.574      118.700      389.496    21133.191
     106.675      118.600      389.512    21133.191
     106.776       98.900      389.516    21133.191
     106.877      118.500      389.516    21133.191
     106.979      118.400      389.523    21133.191
     107.080      118.800      389.527    21133.191
     107.181      118.800      389.527    21133.191
     107.282      118.700      389.531    21133.191
     107.383      118.700      390.055    21133.191
     107.484      108.800      390.055    21133.191
     107.585      108.900      390.586    21133.191
     107.686      138.400      391.109    21133.191
     107.788      108.800      391.367    21133.191
     107.889      108.800      391.625    21133.191
     107.990      128.600      391.887    21133.191
     108.091      108.800      392.406    21133.191
     108.192      118.800      392.941    21133.191
     108.293      118.800      393.215    21133.191
     108.394      108.800      393.742    21135.191
     108.495      118.700      393.734    21133.191
     108.596      108.800      394.250    21197.191
     108.697      118.800      394.785    21197.191
     108.798      118.700      395.043    21197.191
     108.899      108.800      395.305    21197.191
     109.001      128.500      395.836    21197.191
     109.102      118.700      396.098    21197.191
     109.203      108.800      396.621    21197.191
     109.304      118.600      396.879    21197.191
     109.405      118.700      397.660    21197.191
     109.506      108.700      397.664    21197.191
     109.607      108.600      398.188    21197.191
     109.709      128.500      398.449    21197.191
     109.810      108.400      398.715    21197.191
     109.912      117.300      398.992    21197.191
     110.014      118.300      399.508    21197.191
     110.115      118.700      400.027    21197.191
     110.216      118.800      400.289    21197.191
     110.317      108.900      400.812    21197.191
     110.418      118.600      401.078    21197.191
     110.519      108.700      401.340    21197.191
     110.620      118.600      401.598    21197.191
     110.722      128.700      402.379    21197.191
     110.823      108.900      402.383    21197.191
     110.924      108.500      402.910    21197.191
     111.025      118.700      403.176    21197.191
     111.126      108.800      403.695    21197.191
     111.227      118.800      403.953    21197.191
     111.328      118.700      404.477    21197.191
     111.429      118.600      404.996    21197.191
     111.531      108.600      404.996    21197.191
     111.632      118.800      405.523    21197.191
     111.733      108.800      405.785    21197.191
     111.834      118.400      406.051    21197.191
     111.935      118.700      406.312    21197.191
     112.036      138.300      407.086    21197.191
     112.138      138.400      407.355    21197.191
     112.239      138.600      406.891    21197.191
     112.340      118.700      406.891    21197.191
     112.441      118.600      406.895    21197.191
     112.542      128.400      406.898    21197.191
     112.643      118.700      406.902    21197.191
     112.745      128.600      407.000    21197.191
     112.846      118.700      407.000    21197.191
     112.947      108.700      407.031    21197.441
     113.048      128.600      407.035    21197.441
     113.149      118.800      407.039    21197.441
     113.250      118.600      407.043    21197.441
     113.351      108.900      407.070    21197.441
     113.452      118.800      407.070    21197.441
     113.553      108.800      407.070    21197.441
     113.654      118.700      407.082    21197.441
     113.755      118.700      407.094    21197.441
     113.857      108.600      407.094    21197.441
     113.958      118.500      407.098    21197.441
     114.059      118.700      407.098    21197.441
     114.160      108.800      407.113    21197.441
     114.261      128.500      407.121    21197.441
     114.362      108.700      407.152    21197.441
     114.464      118.400      407.168    21197.441
     114.565      108.600      407.168    21197.441
     114.666      118.600      407.172    21197.441
     114.767      118.700      407.176    21197.441
     114.869      108.800      407.176    21197.441
     114.970      118.700      407.180    21197.441
     115.071      118.700      407.180    21197.441
     115.172      118.800      407.184    21197.441
     115.273      108.900      407.188    21197.441
     115.374      118.600      407.195    21197.441
     115.475      118.700      407.215    21197.441
     115.576      108.700      407.215    21197.441
     115.677      118.700      407.223    21197.441
     115.778      118.700      407.223    21197.441
     115.879      118.800      407.488    21197.441
     115.980      108.800      408.004    21197.441
     116.082      118.700      408.523    21197.441
     116.183      118.700      408.793    21197.441
     116.284      118.700      409.051    21197.441
     116.385      108.800      409.309    21197.441
     116.486      128.600      410.098    21197.441
     116.587      108.800      410.102    21197.441
     116.688      108.900      410.617    21197.441
     116.789      118.700      411.141    21197.441
     116.890      118.600      411.402    21197.441
     116.991      118.800      411.926    21197.441
     117.092      108.800      412.191    21197.441
     117.194      118.700      412.707    21197.441
     117.295      118.600      412.969    21197.441
     117.396      108.700      412.973    21197.441
     117.497      118.500      413.758    21197.441
     117.598      118.400      414.020    21197.441
     117.700      118.700      414.535    21197.441
     117.801      118.700      414.805    21197.441
     117.902      108.800      415.062    21197.441
     118.003      118.800      415.586    21197.441
     118.104      108.900      415.848    21197.441
     118.205      118.800      416.371    21197.441
     118.306      118.800      416.629    21197.441
     118.407      108.900      416.887    21197.441
     118.508      118.600      417.660    21197.441
     118.609      108.700      417.664    21197.441
     118.711      118.400      418.191    21197.441
     118.812      118.700      418.449    21197.441
     118.913      108.600      418.711    21197.441
     119.014      108.600      419.230    21197.441
     119.116      118.500      419.504    21197.441
     119.217      128.500      420.020    21197.441
     119.318       98.900      420.281    21197.441
     119.419      108.800      420.547    21197.441
     119.520      128.300      421.062    21197.441
     119.622      118.400      421.328    21197.441
     119.723      118.700      421.848    21197.441
     119.824      118.800      422.109    21197.441
     119.925      108.800      422.375    21197.441
     120.026      118.600      422.898    21197.441
     120.127      118.500      423.176    21197.441
     120.228      118.700      423.695    21197.441
     120.330       88.800      423.953    21197.441
     120.431      118.800      424.219    21197.441
     120.532      108.900      424.484    21261.441
     120.633      108.900      424.750    21261.441
     120.734      118.800      425.281    21261.441
     120.835      118.900      425.809    21261.441
     120.936      108.800      426.070    21261.441
     121.037      138.500      426.582    21261.441
     121.138      138.500      426.340    21261.441
     121.239       98.900      426.344    21261.441
     121.340       99.000      426.344    21261.441
     121.441      128.400      426.348    21261.441
     121.543      128.000      426.352    21261.441
     121.644      118.400      426.355    21261.441
     121.745      128.600      426.371    21261.441
     121.846      118.600      426.371    21261.441
     121.948      118.600      426.375    21261.441
     122.049      128.100      426.379    21261.441
     122.151      128.000      426.383    21261.441
     122.252      108.800      426.387    21261.441
     122.353      118.700      426.391    21261.441
     122.454      108.800      426.391    21261.441
     122.555      118.700      426.398    21261.441
     122.656      118.700      426.402    21261.441
     122.757      118.700      426.402    21261.441
     122.858      128.500      426.402    21261.441
     122.960      108.700      426.402    21261.441
     123.061      118.600      426.410    21261.441
     123.162      118.600      426.410    21261.441
     123.263      118.800      426.414    21261.441
     123.364      118.800      426.414    21261.441
     123.465      108.800      426.422    21261.441
     123.566      118.500      426.422    21261.441
     123.668      108.700      426.430    21261.441
     123.769      118.700      426.434    21261.441
     123.870      118.800      426.457    21261.441
     123.971      108.800      426.457    21261.441
     124.072      128.500      426.461    21261.441
     124.173      118.700      426.469    21261.441
     124.274      118.800      426.473    21261.441
     124.375      108.800      426.473    21261.441
     124.476      118.800      426.477    21261.441
     124.577      118.600      426.480    21261.441
     124.679      108.800      427.000    21261.441
     124.780      118.700      427.266    21261.441
     124.881      128.500      427.793    21261.441
     124.982      138.400      428.008    21021.324
     125.083      148.300      424.895    20421.031
     125.184      128.600      424.508    19732.695
     125.285      138.700      424.086    19348.508
     125.386      118.800      423.715    19044.359
     125.487      138.600      422.973    18235.965
     125.588      128.800      422.137    17579.645
     125.689      118.900      421.305    16907.316
     125.790      119.000      420.961    16690.270
     125.891      128.900      420.055    15897.883
     125.992      119.000      419.637    15537.707
     126.093      119.000      418.547    14841.367
     126.193      119.100      417.816    14465.184
     126.294      119.000      417.332    14217.062
     126.395      109.100      417.113    14105.008
     126.496      119.000      416.801    13936.926
     126.596      109.200      416.223    13640.781
     126.697      119.200      415.895    13472.699
     126.798       99.300      415.754    13400.664
     126.899      119.100      415.398    13216.574
     126.999      109.000      415.398    13216.574
     127.100       99.300      415.398    13216.574
     127.201      119.100      415.383    13208.570
     127.302       89.300      415.383    13208.570
     127.403      109.100      415.383    13208.570
     127.503       99.200      415.352    13184.559
     127.604       99.200      415.352    13184.559
     127.705       99.300      415.352    13184.559
     127.805       99.400      415.352    13184.559
     127.906       99.400      415.352    13184.559
     128.007       99.100      415.352    13184.559
     128.108       59.500      415.449    13184.559
     128.209        0.000      415.449    13184.559
     128.310        0.000      415.449    13184.559
     128.411        0.000      415.449    13184.559
     128.512        0.000      415.449    13184.559
     128.613        0.000      415.449    13184.559
     128.715        0.000      415.449    13184.559
     128.816        0.000      415.449    13184.559
     128.917        0.000      415.449    13184.559
     129.018        0.000      415.449    13184.559
     129.119       59.500      415.398    13168.551
     129.220       99.300      415.555    12960.449
     129.320       99.400      298.133     4890.633
